19:09:55 INFO  : Launching XSCT server: xsct.bat -n  -interactive C:\github\amba_bus\temp_xsdb_launch_script.tcl
19:09:58 INFO  : Registering command handlers for Vitis TCF services
19:09:58 INFO  : XSCT server has started successfully.
19:09:58 INFO  : Successfully done setting XSCT server connection channel  
19:09:58 INFO  : plnx-install-location is set to ''
19:10:03 INFO  : Successfully done setting workspace for the tool. 
19:10:03 INFO  : Successfully done query RDI_DATADIR 
19:10:35 INFO  : Successfully done sdx_reload_mss "C:/github/amba_bus/microblaze_led_on_off_hw/microblaze_0/standalone_domain/bsp/system.mss"
19:14:08 INFO  : Checking for BSP changes to sync application flags for project 'microblaze_led_on_off_app'...
19:14:19 INFO  : Connected to target on host '127.0.0.1' and port '3121'.
19:14:19 INFO  : Jtag cable 'Digilent Basys3 210183BCBAE8A' is selected.
19:14:19 INFO  : 'jtag frequency' command is executed.
19:14:20 INFO  : 'targets -set -filter {jtag_cable_name =~ "Digilent Basys3 210183BCBAE8A" && level==0} -index 0' command is executed.
19:14:20 INFO  : FPGA configured successfully with bitstream "C:/github/amba_bus/microblaze_led_on_off_app/_ide/bitstream/micro_blaze_AMBA_BUS_wrapper.bit"
19:14:20 INFO  : 'configparams mdm-detect-bscan-mask 2' command is executed.
19:14:20 INFO  : Context for processor 'microblaze_0' is selected.
19:14:20 INFO  : System reset is completed.
19:14:23 INFO  : 'after 3000' command is executed.
19:14:23 INFO  : Context for processor 'microblaze_0' is selected.
19:14:24 INFO  : The application 'C:/github/amba_bus/microblaze_led_on_off_app/Debug/microblaze_led_on_off_app.elf' is downloaded to processor 'microblaze_0'.
19:14:24 INFO  : ----------------XSDB Script----------------
connect -url tcp:127.0.0.1:3121
targets -set -filter {jtag_cable_name =~ "Digilent Basys3 210183BCBAE8A" && level==0} -index 0
fpga -file C:/github/amba_bus/microblaze_led_on_off_app/_ide/bitstream/micro_blaze_AMBA_BUS_wrapper.bit
configparams mdm-detect-bscan-mask 2
targets -set -nocase -filter {name =~ "*microblaze*#0" && bscan=="USER2" }
rst -system
after 3000
targets -set -nocase -filter {name =~ "*microblaze*#0" && bscan=="USER2" }
dow C:/github/amba_bus/microblaze_led_on_off_app/Debug/microblaze_led_on_off_app.elf
----------------End of Script----------------

19:14:24 INFO  : Memory regions updated for context MicroBlaze #0
19:14:24 INFO  : Memory regions updated for context MicroBlaze Debug Module at USER2
19:14:24 INFO  : Context for processor 'microblaze_0' is selected.
19:14:24 INFO  : 'con' command is executed.
19:14:24 INFO  : ----------------XSDB Script (After Launch)----------------
targets -set -nocase -filter {name =~ "*microblaze*#0" && bscan=="USER2" }
con
----------------End of Script----------------

19:14:24 INFO  : Launch script is exported to file 'C:\github\amba_bus\.sdk\launch_scripts\single_application_debug\systemdebugger_microblaze_led_on_off_app_system_standalone.tcl'
19:14:34 INFO  : Disconnected from the channel tcfchan#2.
19:14:34 INFO  : Connected to target on host '127.0.0.1' and port '3121'.
19:14:34 INFO  : Jtag cable 'Digilent Basys3 210183BCBAE8A' is selected.
19:14:34 INFO  : 'jtag frequency' command is executed.
19:14:34 INFO  : 'targets -set -filter {jtag_cable_name =~ "Digilent Basys3 210183BCBAE8A" && level==0} -index 0' command is executed.
19:14:34 INFO  : FPGA configured successfully with bitstream "C:/github/amba_bus/microblaze_led_on_off_app/_ide/bitstream/micro_blaze_AMBA_BUS_wrapper.bit"
19:14:34 INFO  : 'configparams mdm-detect-bscan-mask 2' command is executed.
19:14:34 INFO  : Context for processor 'microblaze_0' is selected.
19:14:34 INFO  : System reset is completed.
19:14:38 INFO  : 'after 3000' command is executed.
19:14:38 INFO  : Context for processor 'microblaze_0' is selected.
19:14:38 INFO  : The application 'C:/github/amba_bus/microblaze_led_on_off_app/Debug/microblaze_led_on_off_app.elf' is downloaded to processor 'microblaze_0'.
19:14:38 INFO  : ----------------XSDB Script----------------
connect -url tcp:127.0.0.1:3121
targets -set -filter {jtag_cable_name =~ "Digilent Basys3 210183BCBAE8A" && level==0} -index 0
fpga -file C:/github/amba_bus/microblaze_led_on_off_app/_ide/bitstream/micro_blaze_AMBA_BUS_wrapper.bit
configparams mdm-detect-bscan-mask 2
targets -set -nocase -filter {name =~ "*microblaze*#0" && bscan=="USER2" }
rst -system
after 3000
targets -set -nocase -filter {name =~ "*microblaze*#0" && bscan=="USER2" }
dow C:/github/amba_bus/microblaze_led_on_off_app/Debug/microblaze_led_on_off_app.elf
----------------End of Script----------------

19:14:38 INFO  : Memory regions updated for context MicroBlaze #0
19:14:38 INFO  : Memory regions updated for context MicroBlaze Debug Module at USER2
19:14:38 INFO  : Context for processor 'microblaze_0' is selected.
19:14:38 INFO  : 'con' command is executed.
19:14:38 INFO  : ----------------XSDB Script (After Launch)----------------
targets -set -nocase -filter {name =~ "*microblaze*#0" && bscan=="USER2" }
con
----------------End of Script----------------

19:14:38 INFO  : Launch script is exported to file 'C:\github\amba_bus\.sdk\launch_scripts\single_application_debug\systemdebugger_microblaze_led_on_off_app_system_standalone.tcl'
19:26:27 INFO  : Hardware specification for platform project 'microblaze_led_on_off_hw' is updated.
19:26:29 INFO  : Successfully done sdx_reload_mss "C:/github/amba_bus/microblaze_led_on_off_hw/microblaze_0/standalone_domain/bsp/system.mss"
19:27:10 INFO  : Removed 'C:/github/amba_bus/microblaze_led_on_off_hw/export/microblaze_led_on_off_hw' from custom platform repositories.
19:27:38 INFO  : Successfully done sdx_reload_mss "C:/github/amba_bus/microblaze_led_on_off_hw/microblaze_0/standalone_domain/bsp/system.mss"
19:28:01 INFO  : The hardware specfication used by project 'microblaze_led_on_off_app' is out of sync with the platform. Resource files extracted from the hardware specfiication will be updated.
19:28:01 INFO  : The file 'C:\github\amba_bus\microblaze_led_on_off_app\_ide\bitstream\micro_blaze_AMBA_BUS_wrapper.bit' stored in project is removed.
19:28:01 INFO  : The file 'C:\github\amba_bus\microblaze_led_on_off_app\_ide\bitstream\micro_blaze_AMBA_BUS_wrapper.mmi' stored in project is removed.
19:28:01 INFO  : The updated bitstream files are copied from platform to folder 'C:\github\amba_bus\microblaze_led_on_off_app\_ide\bitstream' in project 'microblaze_led_on_off_app'.
19:28:03 INFO  : Checking for BSP changes to sync application flags for project 'microblaze_led_on_off_app'...
19:28:13 INFO  : Checking for BSP changes to sync application flags for project 'microblaze_led_on_off_app'...
19:28:21 INFO  : Disconnected from the channel tcfchan#3.
19:28:21 INFO  : 'targets -set -filter {jtag_cable_name =~ "Digilent Basys3 210183BCBAE8A" && level==0} -index 0' command is executed.
19:28:21 INFO  : 'fpga -state' command is executed.
19:28:21 INFO  : Connected to target on host '127.0.0.1' and port '3121'.
19:28:21 INFO  : Jtag cable 'Digilent Basys3 210183BCBAE8A' is selected.
19:28:21 INFO  : 'jtag frequency' command is executed.
19:28:21 INFO  : 'configparams mdm-detect-bscan-mask 2' command is executed.
19:28:21 INFO  : Context for processor 'microblaze_0' is selected.
19:28:21 INFO  : System reset is completed.
19:28:24 INFO  : 'after 3000' command is executed.
19:28:24 INFO  : Context for processor 'microblaze_0' is selected.
19:28:24 INFO  : The application 'C:/github/amba_bus/microblaze_led_on_off_app/Debug/microblaze_led_on_off_app.elf' is downloaded to processor 'microblaze_0'.
19:28:24 INFO  : ----------------XSDB Script----------------
connect -url tcp:127.0.0.1:3121
configparams mdm-detect-bscan-mask 2
targets -set -nocase -filter {name =~ "*microblaze*#0" && bscan=="USER2" }
rst -system
after 3000
targets -set -nocase -filter {name =~ "*microblaze*#0" && bscan=="USER2" }
dow C:/github/amba_bus/microblaze_led_on_off_app/Debug/microblaze_led_on_off_app.elf
----------------End of Script----------------

19:28:24 INFO  : Memory regions updated for context MicroBlaze #0
19:28:24 INFO  : Memory regions updated for context MicroBlaze Debug Module at USER2
19:28:24 INFO  : Context for processor 'microblaze_0' is selected.
19:28:24 INFO  : 'con' command is executed.
19:28:24 INFO  : ----------------XSDB Script (After Launch)----------------
targets -set -nocase -filter {name =~ "*microblaze*#0" && bscan=="USER2" }
con
----------------End of Script----------------

19:28:24 INFO  : Launch script is exported to file 'C:\github\amba_bus\.sdk\launch_scripts\single_application_debug\systemdebugger_microblaze_led_on_off_app_system_standalone.tcl'
19:29:14 INFO  : Checking for BSP changes to sync application flags for project 'microblaze_led_on_off_app'...
19:29:20 INFO  : Disconnected from the channel tcfchan#7.
19:29:20 INFO  : 'targets -set -filter {jtag_cable_name =~ "Digilent Basys3 210183BCBAE8A" && level==0} -index 0' command is executed.
19:29:20 INFO  : 'fpga -state' command is executed.
19:29:20 INFO  : Connected to target on host '127.0.0.1' and port '3121'.
19:29:20 INFO  : Jtag cable 'Digilent Basys3 210183BCBAE8A' is selected.
19:29:20 INFO  : 'jtag frequency' command is executed.
19:29:20 INFO  : 'configparams mdm-detect-bscan-mask 2' command is executed.
19:29:20 INFO  : Context for processor 'microblaze_0' is selected.
19:29:20 INFO  : System reset is completed.
19:29:23 INFO  : 'after 3000' command is executed.
19:29:23 INFO  : Context for processor 'microblaze_0' is selected.
19:29:23 INFO  : The application 'C:/github/amba_bus/microblaze_led_on_off_app/Debug/microblaze_led_on_off_app.elf' is downloaded to processor 'microblaze_0'.
19:29:23 INFO  : ----------------XSDB Script----------------
connect -url tcp:127.0.0.1:3121
configparams mdm-detect-bscan-mask 2
targets -set -nocase -filter {name =~ "*microblaze*#0" && bscan=="USER2" }
rst -system
after 3000
targets -set -nocase -filter {name =~ "*microblaze*#0" && bscan=="USER2" }
dow C:/github/amba_bus/microblaze_led_on_off_app/Debug/microblaze_led_on_off_app.elf
----------------End of Script----------------

19:29:23 INFO  : Memory regions updated for context MicroBlaze #0
19:29:23 INFO  : Memory regions updated for context MicroBlaze Debug Module at USER2
19:29:23 INFO  : Context for processor 'microblaze_0' is selected.
19:29:23 INFO  : 'con' command is executed.
19:29:23 INFO  : ----------------XSDB Script (After Launch)----------------
targets -set -nocase -filter {name =~ "*microblaze*#0" && bscan=="USER2" }
con
----------------End of Script----------------

19:29:23 INFO  : Launch script is exported to file 'C:\github\amba_bus\.sdk\launch_scripts\single_application_debug\systemdebugger_microblaze_led_on_off_app_system_standalone.tcl'
19:29:31 INFO  : Checking for BSP changes to sync application flags for project 'microblaze_led_on_off_app'...
19:29:38 INFO  : Disconnected from the channel tcfchan#8.
19:29:38 INFO  : 'targets -set -filter {jtag_cable_name =~ "Digilent Basys3 210183BCBAE8A" && level==0} -index 0' command is executed.
19:29:38 INFO  : 'fpga -state' command is executed.
19:29:38 INFO  : Connected to target on host '127.0.0.1' and port '3121'.
19:29:38 INFO  : Jtag cable 'Digilent Basys3 210183BCBAE8A' is selected.
19:29:38 INFO  : 'jtag frequency' command is executed.
19:29:38 INFO  : 'configparams mdm-detect-bscan-mask 2' command is executed.
19:29:38 INFO  : Context for processor 'microblaze_0' is selected.
19:29:38 INFO  : System reset is completed.
19:29:41 INFO  : 'after 3000' command is executed.
19:29:41 INFO  : Context for processor 'microblaze_0' is selected.
19:29:41 INFO  : The application 'C:/github/amba_bus/microblaze_led_on_off_app/Debug/microblaze_led_on_off_app.elf' is downloaded to processor 'microblaze_0'.
19:29:41 INFO  : ----------------XSDB Script----------------
connect -url tcp:127.0.0.1:3121
configparams mdm-detect-bscan-mask 2
targets -set -nocase -filter {name =~ "*microblaze*#0" && bscan=="USER2" }
rst -system
after 3000
targets -set -nocase -filter {name =~ "*microblaze*#0" && bscan=="USER2" }
dow C:/github/amba_bus/microblaze_led_on_off_app/Debug/microblaze_led_on_off_app.elf
----------------End of Script----------------

19:29:41 INFO  : Memory regions updated for context MicroBlaze #0
19:29:41 INFO  : Memory regions updated for context MicroBlaze Debug Module at USER2
19:29:41 INFO  : Context for processor 'microblaze_0' is selected.
19:29:41 INFO  : 'con' command is executed.
19:29:41 INFO  : ----------------XSDB Script (After Launch)----------------
targets -set -nocase -filter {name =~ "*microblaze*#0" && bscan=="USER2" }
con
----------------End of Script----------------

19:29:41 INFO  : Launch script is exported to file 'C:\github\amba_bus\.sdk\launch_scripts\single_application_debug\systemdebugger_microblaze_led_on_off_app_system_standalone.tcl'
19:30:38 INFO  : Disconnected from the channel tcfchan#9.
