Copyright 1986-2019 Xilinx, Inc. All Rights Reserved.
------------------------------------------------------------------------------------
| Tool Version : Vivado v.2019.2 (win64) Build 2708876 Wed Nov  6 21:40:23 MST 2019
| Date         : Sat Oct  5 18:05:23 2024
| Host         : leegwongho running 64-bit major release  (build 9200)
| Command      : upgrade_ip
| Device       : xc7a35tcpg236-1
------------------------------------------------------------------------------------

Upgrade Log for IP 'micro_blaze_AMBA_BUS_myip_axi_test_led_0_0'

1. Summary
----------

SUCCESS in the upgrade of micro_blaze_AMBA_BUS_myip_axi_test_led_0_0 (xilinx.com:user:myip_axi_test_led:1.0) from (Rev. 4) to (Rev. 5)






Copyright 1986-2019 Xilinx, Inc. All Rights Reserved.
------------------------------------------------------------------------------------
| Tool Version : Vivado v.2019.2 (win64) Build 2708876 Wed Nov  6 21:40:23 MST 2019
| Date         : Sat Oct  5 13:54:37 2024
| Host         : leegwongho running 64-bit major release  (build 9200)
| Command      : upgrade_ip
| Device       : xc7a35tcpg236-1
------------------------------------------------------------------------------------

Upgrade Log for IP 'micro_blaze_AMBA_BUS_myip_axi_test_led_0_0'

1. Summary
----------

SUCCESS in the upgrade of micro_blaze_AMBA_BUS_myip_axi_test_led_0_0 (xilinx.com:user:myip_axi_test_led:1.0) from (Rev. 3) to (Rev. 4)






Copyright 1986-2019 Xilinx, Inc. All Rights Reserved.
------------------------------------------------------------------------------------
| Tool Version : Vivado v.2019.2 (win64) Build 2708876 Wed Nov  6 21:40:23 MST 2019
| Date         : Sat Oct  5 13:47:18 2024
| Host         : leegwongho running 64-bit major release  (build 9200)
| Command      : upgrade_ip
| Device       : xc7a35tcpg236-1
------------------------------------------------------------------------------------

Upgrade Log for IP 'micro_blaze_AMBA_BUS_myip_axi_test_led_0_0'

1. Summary
----------

SUCCESS in the upgrade of micro_blaze_AMBA_BUS_myip_axi_test_led_0_0 (xilinx.com:user:myip_axi_test_led:1.0) from (Rev. 2) to (Rev. 3)

