#-----------------------------------------------------------
# Vivado v2019.2 (64-bit)
# SW Build 2708876 on Wed Nov  6 21:40:23 MST 2019
# IP Build 2700528 on Thu Nov  7 00:09:20 MST 2019
# Start of session at: Sun Oct  6 20:51:40 2024
# Process ID: 3832
# Current directory: C:/github/amba_bus/soc_AMBA_BUS
# Command line: vivado.exe -gui_launcher_event rodinguilauncherevent19488 C:\github\amba_bus\soc_AMBA_BUS\soc_AMBA_BUS.xpr
# Log file: C:/github/amba_bus/soc_AMBA_BUS/vivado.log
# Journal file: C:/github/amba_bus/soc_AMBA_BUS\vivado.jou
#-----------------------------------------------------------
start_gui
open_project C:/github/amba_bus/soc_AMBA_BUS/soc_AMBA_BUS.xpr
Scanning sources...
Finished scanning sources
INFO: [IP_Flow 19-234] Refreshing IP repositories
INFO: [IP_Flow 19-1700] Loaded user IP repository 'c:/github/amba_bus/ip_repo/myip_input_sw_output_led_1.0'.
INFO: [IP_Flow 19-1700] Loaded user IP repository 'c:/github/amba_bus/ip_repo/myip_axi_test_led_1.0'.
INFO: [IP_Flow 19-1700] Loaded user IP repository 'c:/github/amba_bus/ip_repo/myip_axi_led_on_off_1.0'.
INFO: [IP_Flow 19-1700] Loaded user IP repository 'c:/github/amba_bus/ip_repo/myip_axi_interface_1.0'.
INFO: [IP_Flow 19-2313] Loaded Vivado IP repository 'C:/Xilinx/Vivado/2019.2/data/ip'.
open_project: Time (s): cpu = 00:00:06 ; elapsed = 00:00:21 . Memory (MB): peak = 1195.395 ; gain = 538.582
update_compile_order -fileset sources_1
INFO: [Vivado 12-8231] Launching Vitis
INFO: [Vivado 12-417] Running vitis
INFO: [Vivado 12-8232] Vitis launch initiated. Please check console for any further messages.
open_bd_design {C:/github/amba_bus/soc_AMBA_BUS/soc_AMBA_BUS.srcs/sources_1/bd/micro_blaze_AMBA_BUS/micro_blaze_AMBA_BUS.bd}
Adding component instance block -- xilinx.com:ip:clk_wiz:6.0 - clk_wiz_0
Adding component instance block -- xilinx.com:ip:microblaze:11.0 - microblaze_0
Adding component instance block -- xilinx.com:ip:lmb_v10:3.0 - dlmb_v10
Adding component instance block -- xilinx.com:ip:lmb_v10:3.0 - ilmb_v10
Adding component instance block -- xilinx.com:ip:lmb_bram_if_cntlr:4.0 - dlmb_bram_if_cntlr
Adding component instance block -- xilinx.com:ip:lmb_bram_if_cntlr:4.0 - ilmb_bram_if_cntlr
Adding component instance block -- xilinx.com:ip:blk_mem_gen:8.4 - lmb_bram
Adding component instance block -- xilinx.com:ip:mdm:3.2 - mdm_1
Adding component instance block -- xilinx.com:ip:proc_sys_reset:5.0 - rst_clk_wiz_0_100M
Adding component instance block -- xilinx.com:ip:axi_interconnect:2.1 - microblaze_0_axi_periph
Adding component instance block -- xilinx.com:ip:axi_crossbar:2.1 - xbar
Adding component instance block -- xilinx.com:ip:axi_uartlite:2.0 - axi_uartlite_0
Adding component instance block -- xilinx.com:user:myip_axi_test_led:1.0 - myip_axi_test_led_0
Successfully read diagram <micro_blaze_AMBA_BUS> from BD file <C:/github/amba_bus/soc_AMBA_BUS/soc_AMBA_BUS.srcs/sources_1/bd/micro_blaze_AMBA_BUS/micro_blaze_AMBA_BUS.bd>
open_bd_design: Time (s): cpu = 00:00:04 ; elapsed = 00:00:11 . Memory (MB): peak = 1359.809 ; gain = 112.258
ipx::edit_ip_in_project -upgrade true -name myip_axi_test_led_v1_0_project -directory C:/github/amba_bus/soc_AMBA_BUS/soc_AMBA_BUS.tmp/myip_axi_test_led_v1_0_project c:/github/amba_bus/ip_repo/myip_axi_test_led_1.0/component.xml
INFO: [IP_Flow 19-234] Refreshing IP repositories
INFO: [IP_Flow 19-1704] No user IP repositories specified
INFO: [IP_Flow 19-2313] Loaded Vivado IP repository 'C:/Xilinx/Vivado/2019.2/data/ip'.
create_project: Time (s): cpu = 00:00:03 ; elapsed = 00:00:07 . Memory (MB): peak = 1461.242 ; gain = 101.434
INFO: [IP_Flow 19-234] Refreshing IP repositories
INFO: [IP_Flow 19-1700] Loaded user IP repository 'c:/github/amba_bus/ip_repo/myip_input_sw_output_led_1.0'.
INFO: [IP_Flow 19-1700] Loaded user IP repository 'c:/github/amba_bus/ip_repo/myip_axi_test_led_1.0'.
INFO: [IP_Flow 19-1700] Loaded user IP repository 'c:/github/amba_bus/ip_repo/myip_axi_led_on_off_1.0'.
INFO: [IP_Flow 19-1700] Loaded user IP repository 'c:/github/amba_bus/ip_repo/myip_axi_interface_1.0'.
INFO: [IP_Flow 19-795] Syncing license key meta-data
WARNING: [filemgmt 56-99] Vivado Synthesis ignores library specification for Verilog or SystemVerilog files. [c:/github/amba_bus/ip_repo/myip_axi_test_led_1.0/src/axi_master_fsm.v:]
WARNING: [filemgmt 56-99] Vivado Synthesis ignores library specification for Verilog or SystemVerilog files. [c:/github/amba_bus/ip_repo/myip_axi_test_led_1.0/src/axi_slave_fsm.v:]
WARNING: [filemgmt 56-99] Vivado Synthesis ignores library specification for Verilog or SystemVerilog files. [c:/github/amba_bus/ip_repo/myip_axi_test_led_1.0/src/axi_top.v:]
WARNING: [filemgmt 56-99] Vivado Synthesis ignores library specification for Verilog or SystemVerilog files. [c:/github/amba_bus/ip_repo/myip_axi_test_led_1.0/hdl/myip_axi_test_led_v1_0_S00_AXI.v:]
WARNING: [filemgmt 56-99] Vivado Synthesis ignores library specification for Verilog or SystemVerilog files. [c:/github/amba_bus/ip_repo/myip_axi_test_led_1.0/hdl/myip_axi_test_led_v1_0.v:]
ipx::edit_ip_in_project: Time (s): cpu = 00:00:04 ; elapsed = 00:00:08 . Memory (MB): peak = 1477.000 ; gain = 117.191
update_compile_order -fileset sources_1
