#-----------------------------------------------------------
# Vivado v2019.2 (64-bit)
# SW Build 2708876 on Wed Nov  6 21:40:23 MST 2019
# IP Build 2700528 on Thu Nov  7 00:09:20 MST 2019
# Start of session at: Mon Sep 30 09:14:34 2024
# Process ID: 20792
# Current directory: C:/github/amba_bus/soc_AMBA_BUS
# Command line: vivado.exe -gui_launcher_event rodinguilauncherevent20636 C:\github\amba_bus\soc_AMBA_BUS\soc_AMBA_BUS.xpr
# Log file: C:/github/amba_bus/soc_AMBA_BUS/vivado.log
# Journal file: C:/github/amba_bus/soc_AMBA_BUS\vivado.jou
#-----------------------------------------------------------
start_gui
open_project C:/github/amba_bus/soc_AMBA_BUS/soc_AMBA_BUS.xpr
Scanning sources...
Finished scanning sources
INFO: [IP_Flow 19-234] Refreshing IP repositories
INFO: [IP_Flow 19-1700] Loaded user IP repository 'c:/github/amba_bus/ip_repo/myip_axi_interface_1.0'.
INFO: [IP_Flow 19-2313] Loaded Vivado IP repository 'C:/Xilinx/Vivado/2019.2/data/ip'.
open_project: Time (s): cpu = 00:00:07 ; elapsed = 00:00:10 . Memory (MB): peak = 1167.133 ; gain = 513.082
update_compile_order -fileset sources_1
launch_simulation
Command: launch_simulation 
boost::filesystem::remove: 다른 프로세스가 파일을 사용 중이기 때문에 프로세스가 액세스 할 수 없습니다: "C:/github/amba_bus/soc_AMBA_BUS/soc_AMBA_BUS.sim/sim_1/behav/xsim/simulate.log"
exit
INFO: [Common 17-206] Exiting Vivado at Mon Sep 30 09:15:48 2024...
