TRACE::2024-10-07.15:53:32::SCWPlatform::Trying to open the hw design at C:/github/amba_bus/m_b_t_a/hw/micro_blaze_AMBA_BUS_wrapper.xsa
TRACE::2024-10-07.15:53:32::SCWPlatform::DSA given C:/github/amba_bus/m_b_t_a/hw/micro_blaze_AMBA_BUS_wrapper.xsa
TRACE::2024-10-07.15:53:32::SCWPlatform::DSA absoulate path C:/github/amba_bus/m_b_t_a/hw/micro_blaze_AMBA_BUS_wrapper.xsa
TRACE::2024-10-07.15:53:32::SCWPlatform::DSA directory C:/github/amba_bus/m_b_t_a/hw
TRACE::2024-10-07.15:53:32::SCWPlatform:: Platform Path C:/github/amba_bus/m_b_t_a/hw/micro_blaze_AMBA_BUS_wrapper.xsa
TRACE::2024-10-07.15:53:32::SCWPlatform:: Unique name xilinx:basys3::0.0
TRACE::2024-10-07.15:53:32::SCWPlatform::Do not have an existing db opened. 
TRACE::2024-10-07.15:53:32::SCWPlatform::Opened new HwDB with name micro_blaze_AMBA_BUS_wrapper_4
TRACE::2024-10-07.15:53:32::SCWWriter::formatted JSON is {
	"platformName":	"m_b_t_a",
	"sprVersion":	"2.0",
	"mode":	"gui",
	"dsaType":	"Fixed",
	"platformDesc":	"m_b_t_a",
	"platHandOff":	"C:/github/amba_bus/soc_AMBA_BUS/micro_blaze_AMBA_BUS_wrapper.xsa",
	"platIntHandOff":	"<platformDir>/hw/micro_blaze_AMBA_BUS_wrapper.xsa",
	"deviceType":	"FPGA",
	"platIsPrebuiltAutogen":	"false",
	"platIsNoBootBsp":	"false",
	"hasFsblMakeHasChanges":	"false",
	"hasPmufwMakeHasChanges":	"false",
	"platPreBuiltFlag":	false,
	"platformSamplesDir":	""
}
TRACE::2024-10-07.15:53:32::SCWWriter::formatted JSON is {
	"platformName":	"m_b_t_a",
	"sprVersion":	"2.0",
	"mode":	"gui",
	"dsaType":	"Fixed",
	"platformDesc":	"m_b_t_a",
	"platHandOff":	"C:/github/amba_bus/soc_AMBA_BUS/micro_blaze_AMBA_BUS_wrapper.xsa",
	"platIntHandOff":	"<platformDir>/hw/micro_blaze_AMBA_BUS_wrapper.xsa",
	"deviceType":	"FPGA",
	"platIsPrebuiltAutogen":	"false",
	"platIsNoBootBsp":	"false",
	"hasFsblMakeHasChanges":	"false",
	"hasPmufwMakeHasChanges":	"false",
	"platPreBuiltFlag":	false,
	"platformSamplesDir":	"",
	"platActiveSys":	"m_b_t_a",
	"systems":	[{
			"systemName":	"m_b_t_a",
			"systemDesc":	"m_b_t_a",
			"sysIsBootAutoGen":	"true",
			"systemDispName":	"m_b_t_a"
		}]
}
TRACE::2024-10-07.15:53:32::SCWPlatform::Boot application domains not present, creating them
TRACE::2024-10-07.15:53:32::SCWPlatform::Pure FPGA device, no boot application will be created.
TRACE::2024-10-07.15:53:32::SCWWriter::formatted JSON is {
	"platformName":	"m_b_t_a",
	"sprVersion":	"2.0",
	"mode":	"gui",
	"dsaType":	"Fixed",
	"platformDesc":	"m_b_t_a",
	"platHandOff":	"C:/github/amba_bus/soc_AMBA_BUS/micro_blaze_AMBA_BUS_wrapper.xsa",
	"platIntHandOff":	"<platformDir>/hw/micro_blaze_AMBA_BUS_wrapper.xsa",
	"deviceType":	"FPGA",
	"platIsPrebuiltAutogen":	"false",
	"platIsNoBootBsp":	"false",
	"hasFsblMakeHasChanges":	"false",
	"hasPmufwMakeHasChanges":	"false",
	"platPreBuiltFlag":	false,
	"platformSamplesDir":	"",
	"platActiveSys":	"m_b_t_a",
	"systems":	[{
			"systemName":	"m_b_t_a",
			"systemDesc":	"m_b_t_a",
			"sysIsBootAutoGen":	"true",
			"systemDispName":	"m_b_t_a"
		}]
}
TRACE::2024-10-07.15:53:32::SCWPlatform::Trying to open the hw design at C:/github/amba_bus/m_b_t_a/hw/micro_blaze_AMBA_BUS_wrapper.xsa
TRACE::2024-10-07.15:53:32::SCWPlatform::DSA given C:/github/amba_bus/m_b_t_a/hw/micro_blaze_AMBA_BUS_wrapper.xsa
TRACE::2024-10-07.15:53:32::SCWPlatform::DSA absoulate path C:/github/amba_bus/m_b_t_a/hw/micro_blaze_AMBA_BUS_wrapper.xsa
TRACE::2024-10-07.15:53:32::SCWPlatform::DSA directory C:/github/amba_bus/m_b_t_a/hw
TRACE::2024-10-07.15:53:32::SCWPlatform:: Platform Path C:/github/amba_bus/m_b_t_a/hw/micro_blaze_AMBA_BUS_wrapper.xsa
TRACE::2024-10-07.15:53:32::SCWPlatform:: Unique name xilinx:basys3::0.0
TRACE::2024-10-07.15:53:32::SCWPlatform::Trying to set the existing hwdb with name micro_blaze_AMBA_BUS_wrapper_4
TRACE::2024-10-07.15:53:32::SCWPlatform::Opened existing hwdb micro_blaze_AMBA_BUS_wrapper_4
TRACE::2024-10-07.15:53:32::SCWPlatform::Found the Hw Db part of the input DSA
TRACE::2024-10-07.15:53:32::SCWDomain::checking for install qemu data   : 
TRACE::2024-10-07.15:53:32::SCWPlatform::Trying to open the hw design at C:/github/amba_bus/m_b_t_a/hw/micro_blaze_AMBA_BUS_wrapper.xsa
TRACE::2024-10-07.15:53:32::SCWPlatform::DSA given C:/github/amba_bus/m_b_t_a/hw/micro_blaze_AMBA_BUS_wrapper.xsa
TRACE::2024-10-07.15:53:32::SCWPlatform::DSA absoulate path C:/github/amba_bus/m_b_t_a/hw/micro_blaze_AMBA_BUS_wrapper.xsa
TRACE::2024-10-07.15:53:32::SCWPlatform::DSA directory C:/github/amba_bus/m_b_t_a/hw
TRACE::2024-10-07.15:53:32::SCWPlatform:: Platform Path C:/github/amba_bus/m_b_t_a/hw/micro_blaze_AMBA_BUS_wrapper.xsa
TRACE::2024-10-07.15:53:32::SCWPlatform:: Unique name xilinx:basys3::0.0
TRACE::2024-10-07.15:53:32::SCWPlatform::Trying to set the existing hwdb with name micro_blaze_AMBA_BUS_wrapper_4
TRACE::2024-10-07.15:53:32::SCWPlatform::Opened existing hwdb micro_blaze_AMBA_BUS_wrapper_4
TRACE::2024-10-07.15:53:32::SCWPlatform::Found the Hw Db part of the input DSA
TRACE::2024-10-07.15:53:32::SCWPlatform::Trying to open the hw design at C:/github/amba_bus/m_b_t_a/hw/micro_blaze_AMBA_BUS_wrapper.xsa
TRACE::2024-10-07.15:53:32::SCWPlatform::DSA given C:/github/amba_bus/m_b_t_a/hw/micro_blaze_AMBA_BUS_wrapper.xsa
TRACE::2024-10-07.15:53:32::SCWPlatform::DSA absoulate path C:/github/amba_bus/m_b_t_a/hw/micro_blaze_AMBA_BUS_wrapper.xsa
TRACE::2024-10-07.15:53:32::SCWPlatform::DSA directory C:/github/amba_bus/m_b_t_a/hw
TRACE::2024-10-07.15:53:32::SCWPlatform:: Platform Path C:/github/amba_bus/m_b_t_a/hw/micro_blaze_AMBA_BUS_wrapper.xsa
TRACE::2024-10-07.15:53:32::SCWPlatform:: Unique name xilinx:basys3::0.0
TRACE::2024-10-07.15:53:32::SCWPlatform::Trying to set the existing hwdb with name micro_blaze_AMBA_BUS_wrapper_4
TRACE::2024-10-07.15:53:32::SCWPlatform::Opened existing hwdb micro_blaze_AMBA_BUS_wrapper_4
TRACE::2024-10-07.15:53:32::SCWPlatform::Found the Hw Db part of the input DSA
TRACE::2024-10-07.15:53:32::SCWMssOS::Checking the sw design at  C:/github/amba_bus/m_b_t_a/microblaze_0/standalone_domain/bsp/system.mss
TRACE::2024-10-07.15:53:32::SCWMssOS::DEBUG:  swdes dump  
TRACE::2024-10-07.15:53:32::SCWMssOS::No sw design opened at  C:/github/amba_bus/m_b_t_a/microblaze_0/standalone_domain/bsp/system.mss
TRACE::2024-10-07.15:53:32::SCWMssOS::mss does not exists at C:/github/amba_bus/m_b_t_a/microblaze_0/standalone_domain/bsp/system.mss
TRACE::2024-10-07.15:53:32::SCWMssOS::Creating sw design at  C:/github/amba_bus/m_b_t_a/microblaze_0/standalone_domain/bsp/system.mss
TRACE::2024-10-07.15:53:32::SCWMssOS::Adding the swdes entry, created swdb C:/github/amba_bus/m_b_t_a/microblaze_0/standalone_domain/bsp/system.mss with des name C:/github/amba_bus/m_b_t_a/microblaze_0/standalone_domain/bsp/system.mss
TRACE::2024-10-07.15:53:32::SCWMssOS::updating the scw layer changes to swdes at   C:/github/amba_bus/m_b_t_a/microblaze_0/standalone_domain/bsp/system.mss
TRACE::2024-10-07.15:53:32::SCWMssOS::Writing mss at C:/github/amba_bus/m_b_t_a/microblaze_0/standalone_domain/bsp/system.mss
TRACE::2024-10-07.15:53:32::SCWMssOS::Completed writing the mss file at C:/github/amba_bus/m_b_t_a/microblaze_0/standalone_domain/bsp
TRACE::2024-10-07.15:53:32::SCWMssOS::Picking up changes from newly written mss file into SCW Layer. 
TRACE::2024-10-07.15:53:32::SCWMssOS::Updated the changes from newly written mss file into SCW Layer. 
TRACE::2024-10-07.15:53:32::SCWPlatform::Trying to open the hw design at C:/github/amba_bus/m_b_t_a/hw/micro_blaze_AMBA_BUS_wrapper.xsa
TRACE::2024-10-07.15:53:32::SCWPlatform::DSA given C:/github/amba_bus/m_b_t_a/hw/micro_blaze_AMBA_BUS_wrapper.xsa
TRACE::2024-10-07.15:53:32::SCWPlatform::DSA absoulate path C:/github/amba_bus/m_b_t_a/hw/micro_blaze_AMBA_BUS_wrapper.xsa
TRACE::2024-10-07.15:53:32::SCWPlatform::DSA directory C:/github/amba_bus/m_b_t_a/hw
TRACE::2024-10-07.15:53:32::SCWPlatform:: Platform Path C:/github/amba_bus/m_b_t_a/hw/micro_blaze_AMBA_BUS_wrapper.xsa
TRACE::2024-10-07.15:53:32::SCWPlatform:: Unique name xilinx:basys3::0.0
TRACE::2024-10-07.15:53:32::SCWPlatform::Trying to set the existing hwdb with name micro_blaze_AMBA_BUS_wrapper_4
TRACE::2024-10-07.15:53:32::SCWPlatform::Opened existing hwdb micro_blaze_AMBA_BUS_wrapper_4
TRACE::2024-10-07.15:53:32::SCWPlatform::Found the Hw Db part of the input DSA
TRACE::2024-10-07.15:53:32::SCWMssOS::Checking the sw design at  C:/github/amba_bus/m_b_t_a/microblaze_0/standalone_domain/bsp/system.mss
TRACE::2024-10-07.15:53:32::SCWMssOS::DEBUG:  swdes dump  C:/github/amba_bus/m_b_t_a/microblaze_0/standalone_domain/bsp/system.mss|C:/github/amba_bus/m_b_t_a/microblaze_0/standalone_domain/bsp/system.mss||

TRACE::2024-10-07.15:53:32::SCWMssOS::Sw design exists and opened at  C:/github/amba_bus/m_b_t_a/microblaze_0/standalone_domain/bsp/system.mss
TRACE::2024-10-07.15:53:32::SCWPlatform::Trying to open the hw design at C:/github/amba_bus/m_b_t_a/hw/micro_blaze_AMBA_BUS_wrapper.xsa
TRACE::2024-10-07.15:53:32::SCWPlatform::DSA given C:/github/amba_bus/m_b_t_a/hw/micro_blaze_AMBA_BUS_wrapper.xsa
TRACE::2024-10-07.15:53:32::SCWPlatform::DSA absoulate path C:/github/amba_bus/m_b_t_a/hw/micro_blaze_AMBA_BUS_wrapper.xsa
TRACE::2024-10-07.15:53:32::SCWPlatform::DSA directory C:/github/amba_bus/m_b_t_a/hw
TRACE::2024-10-07.15:53:32::SCWPlatform:: Platform Path C:/github/amba_bus/m_b_t_a/hw/micro_blaze_AMBA_BUS_wrapper.xsa
TRACE::2024-10-07.15:53:32::SCWPlatform:: Unique name xilinx:basys3::0.0
TRACE::2024-10-07.15:53:32::SCWPlatform::Trying to set the existing hwdb with name micro_blaze_AMBA_BUS_wrapper_4
TRACE::2024-10-07.15:53:32::SCWPlatform::Opened existing hwdb micro_blaze_AMBA_BUS_wrapper_4
TRACE::2024-10-07.15:53:32::SCWPlatform::Found the Hw Db part of the input DSA
TRACE::2024-10-07.15:53:32::SCWMssOS::Checking the sw design at  C:/github/amba_bus/m_b_t_a/microblaze_0/standalone_domain/bsp/system.mss
TRACE::2024-10-07.15:53:32::SCWMssOS::DEBUG:  swdes dump  C:/github/amba_bus/m_b_t_a/microblaze_0/standalone_domain/bsp/system.mss|C:/github/amba_bus/m_b_t_a/microblaze_0/standalone_domain/bsp/system.mss||

TRACE::2024-10-07.15:53:32::SCWMssOS::Sw design exists and opened at  C:/github/amba_bus/m_b_t_a/microblaze_0/standalone_domain/bsp/system.mss
TRACE::2024-10-07.15:53:32::SCWPlatform::Trying to open the hw design at C:/github/amba_bus/m_b_t_a/hw/micro_blaze_AMBA_BUS_wrapper.xsa
TRACE::2024-10-07.15:53:32::SCWPlatform::DSA given C:/github/amba_bus/m_b_t_a/hw/micro_blaze_AMBA_BUS_wrapper.xsa
TRACE::2024-10-07.15:53:32::SCWPlatform::DSA absoulate path C:/github/amba_bus/m_b_t_a/hw/micro_blaze_AMBA_BUS_wrapper.xsa
TRACE::2024-10-07.15:53:32::SCWPlatform::DSA directory C:/github/amba_bus/m_b_t_a/hw
TRACE::2024-10-07.15:53:32::SCWPlatform:: Platform Path C:/github/amba_bus/m_b_t_a/hw/micro_blaze_AMBA_BUS_wrapper.xsa
TRACE::2024-10-07.15:53:32::SCWPlatform:: Unique name xilinx:basys3::0.0
TRACE::2024-10-07.15:53:32::SCWPlatform::Trying to set the existing hwdb with name micro_blaze_AMBA_BUS_wrapper_4
TRACE::2024-10-07.15:53:32::SCWPlatform::Opened existing hwdb micro_blaze_AMBA_BUS_wrapper_4
TRACE::2024-10-07.15:53:32::SCWPlatform::Found the Hw Db part of the input DSA
TRACE::2024-10-07.15:53:32::SCWMssOS::Checking the sw design at  C:/github/amba_bus/m_b_t_a/microblaze_0/standalone_domain/bsp/system.mss
TRACE::2024-10-07.15:53:32::SCWMssOS::DEBUG:  swdes dump  C:/github/amba_bus/m_b_t_a/microblaze_0/standalone_domain/bsp/system.mss|C:/github/amba_bus/m_b_t_a/microblaze_0/standalone_domain/bsp/system.mss||

TRACE::2024-10-07.15:53:32::SCWMssOS::Sw design exists and opened at  C:/github/amba_bus/m_b_t_a/microblaze_0/standalone_domain/bsp/system.mss
TRACE::2024-10-07.15:53:32::SCWWriter::formatted JSON is {
	"platformName":	"m_b_t_a",
	"sprVersion":	"2.0",
	"mode":	"gui",
	"dsaType":	"Fixed",
	"platformDesc":	"m_b_t_a",
	"platHandOff":	"C:/github/amba_bus/soc_AMBA_BUS/micro_blaze_AMBA_BUS_wrapper.xsa",
	"platIntHandOff":	"<platformDir>/hw/micro_blaze_AMBA_BUS_wrapper.xsa",
	"deviceType":	"FPGA",
	"platIsPrebuiltAutogen":	"false",
	"platIsNoBootBsp":	"false",
	"hasFsblMakeHasChanges":	"false",
	"hasPmufwMakeHasChanges":	"false",
	"platPreBuiltFlag":	false,
	"platformSamplesDir":	"",
	"platActiveSys":	"m_b_t_a",
	"systems":	[{
			"systemName":	"m_b_t_a",
			"systemDesc":	"m_b_t_a",
			"sysIsBootAutoGen":	"true",
			"systemDispName":	"m_b_t_a",
			"sysActiveDom":	"standalone_domain",
			"sysDefaultDom":	"standalone_domain",
			"domains":	[{
					"domainName":	"standalone_domain",
					"domainDispName":	"standalone_domain",
					"domainDesc":	"standalone_domain",
					"processors":	"microblaze_0",
					"os":	"standalone",
					"sdxOs":	"standalone",
					"debugEnable":	"False",
					"domRuntimes":	["cpp"],
					"swRepo":	"",
					"mssOsVer":	"7.1",
					"mssFile":	"",
					"md5Digest":	"",
					"compatibleApp":	"",
					"domType":	"mssDomain",
					"appSettings":	{
						"appCompilerFlags":	"",
						"appLinkerFlags":	""
					},
					"addedLibs":	[],
					"libOptions":	{
						"libsContainingOptions":	[]
					},
					"prebuiltLibs":	{
						"prebuiltIncPath":	[],
						"prebuiltLibPath":	[]
					},
					"isolation":	{
					}
				}]
		}]
}
TRACE::2024-10-07.15:53:32::SCWPlatform::Trying to open the hw design at C:/github/amba_bus/m_b_t_a/hw/micro_blaze_AMBA_BUS_wrapper.xsa
TRACE::2024-10-07.15:53:32::SCWPlatform::DSA given C:/github/amba_bus/m_b_t_a/hw/micro_blaze_AMBA_BUS_wrapper.xsa
TRACE::2024-10-07.15:53:32::SCWPlatform::DSA absoulate path C:/github/amba_bus/m_b_t_a/hw/micro_blaze_AMBA_BUS_wrapper.xsa
TRACE::2024-10-07.15:53:32::SCWPlatform::DSA directory C:/github/amba_bus/m_b_t_a/hw
TRACE::2024-10-07.15:53:32::SCWPlatform:: Platform Path C:/github/amba_bus/m_b_t_a/hw/micro_blaze_AMBA_BUS_wrapper.xsa
TRACE::2024-10-07.15:53:32::SCWPlatform:: Unique name xilinx:basys3::0.0
TRACE::2024-10-07.15:53:32::SCWPlatform::Trying to set the existing hwdb with name micro_blaze_AMBA_BUS_wrapper_4
TRACE::2024-10-07.15:53:32::SCWPlatform::Opened existing hwdb micro_blaze_AMBA_BUS_wrapper_4
TRACE::2024-10-07.15:53:32::SCWPlatform::Found the Hw Db part of the input DSA
TRACE::2024-10-07.15:53:32::SCWMssOS::Checking the sw design at  C:/github/amba_bus/m_b_t_a/microblaze_0/standalone_domain/bsp/system.mss
TRACE::2024-10-07.15:53:32::SCWMssOS::DEBUG:  swdes dump  C:/github/amba_bus/m_b_t_a/microblaze_0/standalone_domain/bsp/system.mss|C:/github/amba_bus/m_b_t_a/microblaze_0/standalone_domain/bsp/system.mss||

TRACE::2024-10-07.15:53:32::SCWMssOS::Sw design exists and opened at  C:/github/amba_bus/m_b_t_a/microblaze_0/standalone_domain/bsp/system.mss
TRACE::2024-10-07.15:53:32::SCWMssOS::Completed writing the mss file at C:/github/amba_bus/m_b_t_a/microblaze_0/standalone_domain/bsp
TRACE::2024-10-07.15:53:32::SCWMssOS::Forcing BSP Sources regeneration.
LOG::2024-10-07.15:53:34::SCWPlatform::Started generating the artifacts platform m_b_t_a
TRACE::2024-10-07.15:53:34::SCWPlatform::Sanity checking of platform is completed
LOG::2024-10-07.15:53:34::SCWPlatform::Started generating the artifacts for system configuration m_b_t_a
LOG::2024-10-07.15:53:34::SCWSystem::Checking the domain standalone_domain
LOG::2024-10-07.15:53:34::SCWSystem::Not a boot domain 
LOG::2024-10-07.15:53:34::SCWSystem::Started Processing the domain standalone_domain
TRACE::2024-10-07.15:53:34::SCWDomain::Generating domain artifcats
TRACE::2024-10-07.15:53:34::SCWMssOS::Generating standalone artifcats
TRACE::2024-10-07.15:53:34::SCWMssOS:: Copying the user libraries. 
TRACE::2024-10-07.15:53:34::SCWPlatform::Trying to open the hw design at C:/github/amba_bus/m_b_t_a/hw/micro_blaze_AMBA_BUS_wrapper.xsa
TRACE::2024-10-07.15:53:34::SCWPlatform::DSA given C:/github/amba_bus/m_b_t_a/hw/micro_blaze_AMBA_BUS_wrapper.xsa
TRACE::2024-10-07.15:53:34::SCWPlatform::DSA absoulate path C:/github/amba_bus/m_b_t_a/hw/micro_blaze_AMBA_BUS_wrapper.xsa
TRACE::2024-10-07.15:53:34::SCWPlatform::DSA directory C:/github/amba_bus/m_b_t_a/hw
TRACE::2024-10-07.15:53:34::SCWPlatform:: Platform Path C:/github/amba_bus/m_b_t_a/hw/micro_blaze_AMBA_BUS_wrapper.xsa
TRACE::2024-10-07.15:53:34::SCWPlatform:: Unique name xilinx:basys3::0.0
TRACE::2024-10-07.15:53:34::SCWPlatform::Trying to set the existing hwdb with name micro_blaze_AMBA_BUS_wrapper_4
TRACE::2024-10-07.15:53:34::SCWPlatform::Opened existing hwdb micro_blaze_AMBA_BUS_wrapper_4
TRACE::2024-10-07.15:53:34::SCWPlatform::Found the Hw Db part of the input DSA
TRACE::2024-10-07.15:53:34::SCWMssOS::Checking the sw design at  C:/github/amba_bus/m_b_t_a/microblaze_0/standalone_domain/bsp/system.mss
TRACE::2024-10-07.15:53:34::SCWMssOS::DEBUG:  swdes dump  C:/github/amba_bus/m_b_t_a/microblaze_0/standalone_domain/bsp/system.mss|C:/github/amba_bus/m_b_t_a/microblaze_0/standalone_domain/bsp/system.mss||

KEYINFO::2024-10-07.15:53:34::SCWMssOS::Could not open the swdb for C:/github/amba_bus/m_b_t_a/microblaze_0/standalone_domain/bsp/system.mss
KEYINFO::2024-10-07.15:53:34::SCWMssOS::Could not open the sw design at  C:/github/amba_bus/m_b_t_a/microblaze_0/standalone_domain/bsp/system.mss
ERROR: [Hsi 55-1558] Software Design C:/github/amba_bus/m_b_t_a/microblaze_0/standalone_domain/bsp/system.mss is not found

TRACE::2024-10-07.15:53:34::SCWMssOS::Cleared the swdb table entry
TRACE::2024-10-07.15:53:34::SCWMssOS::No sw design opened at  C:/github/amba_bus/m_b_t_a/microblaze_0/standalone_domain/bsp/system.mss
TRACE::2024-10-07.15:53:34::SCWMssOS::mss exists loading the mss file  C:/github/amba_bus/m_b_t_a/microblaze_0/standalone_domain/bsp/system.mss
TRACE::2024-10-07.15:53:34::SCWMssOS::Opened the sw design from mss  C:/github/amba_bus/m_b_t_a/microblaze_0/standalone_domain/bsp/system.mss
TRACE::2024-10-07.15:53:34::SCWMssOS::Adding the swdes entry C:/github/amba_bus/m_b_t_a/microblaze_0/standalone_domain/bsp/system.mss with des name system
TRACE::2024-10-07.15:53:34::SCWMssOS::updating the scw layer about changes
TRACE::2024-10-07.15:53:34::SCWMssOS::Opened the sw design.  C:/github/amba_bus/m_b_t_a/microblaze_0/standalone_domain/bsp/system.mss
TRACE::2024-10-07.15:53:34::SCWMssOS::Completed writing the mss file at C:/github/amba_bus/m_b_t_a/microblaze_0/standalone_domain/bsp
TRACE::2024-10-07.15:53:34::SCWMssOS::Mss edits present, copying mssfile into export location C:/github/amba_bus/m_b_t_a/microblaze_0/standalone_domain/bsp/system.mss
TRACE::2024-10-07.15:53:34::SCWMssOS::bsp generated is upto date with the mss file. Skipping bsp generation.
TRACE::2024-10-07.15:53:34::SCWMssOS::BSP is already built. skipping the bsp build ... 
TRACE::2024-10-07.15:53:34::SCWDomain::Skipping the build for domain :  standalone_domain
TRACE::2024-10-07.15:53:34::SCWMssOS::skipping the bsp build ... 
TRACE::2024-10-07.15:53:34::SCWMssOS::Copying to export directory.
TRACE::2024-10-07.15:53:34::SCWMssOS:: Checking if to create the Supporting Applications
TRACE::2024-10-07.15:53:34::SCWMssOS:: No Linux domain exists, trying to generate FSBL 
LOG::2024-10-07.15:53:34::SCWSystem::Completed Processing the domain standalone_domain
LOG::2024-10-07.15:53:34::SCWSystem::Completed Processing the sysconfig m_b_t_a
LOG::2024-10-07.15:53:34::SCWPlatform::Completed generating the artifacts for system configuration m_b_t_a
TRACE::2024-10-07.15:53:34::SCWPlatform::Started preparing the platform 
TRACE::2024-10-07.15:53:34::SCWSystem::Writing the bif file for system config m_b_t_a
TRACE::2024-10-07.15:53:34::SCWSystem::dir created 
TRACE::2024-10-07.15:53:34::SCWSystem::Writing the bif 
TRACE::2024-10-07.15:53:34::SCWPlatform::Started writing the spfm file 
TRACE::2024-10-07.15:53:34::SCWPlatform::Started writing the xpfm file 
TRACE::2024-10-07.15:53:34::SCWPlatform::Completed generating the platform
TRACE::2024-10-07.15:53:34::SCWPlatform::Trying to open the hw design at C:/github/amba_bus/m_b_t_a/hw/micro_blaze_AMBA_BUS_wrapper.xsa
TRACE::2024-10-07.15:53:34::SCWPlatform::DSA given C:/github/amba_bus/m_b_t_a/hw/micro_blaze_AMBA_BUS_wrapper.xsa
TRACE::2024-10-07.15:53:34::SCWPlatform::DSA absoulate path C:/github/amba_bus/m_b_t_a/hw/micro_blaze_AMBA_BUS_wrapper.xsa
TRACE::2024-10-07.15:53:34::SCWPlatform::DSA directory C:/github/amba_bus/m_b_t_a/hw
TRACE::2024-10-07.15:53:34::SCWPlatform:: Platform Path C:/github/amba_bus/m_b_t_a/hw/micro_blaze_AMBA_BUS_wrapper.xsa
TRACE::2024-10-07.15:53:34::SCWPlatform:: Unique name xilinx:basys3::0.0
TRACE::2024-10-07.15:53:34::SCWPlatform::Trying to set the existing hwdb with name micro_blaze_AMBA_BUS_wrapper_4
TRACE::2024-10-07.15:53:34::SCWPlatform::Opened existing hwdb micro_blaze_AMBA_BUS_wrapper_4
TRACE::2024-10-07.15:53:34::SCWPlatform::Found the Hw Db part of the input DSA
TRACE::2024-10-07.15:53:34::SCWMssOS::Checking the sw design at  C:/github/amba_bus/m_b_t_a/microblaze_0/standalone_domain/bsp/system.mss
TRACE::2024-10-07.15:53:34::SCWMssOS::DEBUG:  swdes dump  C:/github/amba_bus/m_b_t_a/microblaze_0/standalone_domain/bsp/system.mss|system||

TRACE::2024-10-07.15:53:34::SCWMssOS::Sw design exists and opened at  C:/github/amba_bus/m_b_t_a/microblaze_0/standalone_domain/bsp/system.mss
TRACE::2024-10-07.15:53:34::SCWPlatform::Trying to open the hw design at C:/github/amba_bus/m_b_t_a/hw/micro_blaze_AMBA_BUS_wrapper.xsa
TRACE::2024-10-07.15:53:34::SCWPlatform::DSA given C:/github/amba_bus/m_b_t_a/hw/micro_blaze_AMBA_BUS_wrapper.xsa
TRACE::2024-10-07.15:53:34::SCWPlatform::DSA absoulate path C:/github/amba_bus/m_b_t_a/hw/micro_blaze_AMBA_BUS_wrapper.xsa
TRACE::2024-10-07.15:53:34::SCWPlatform::DSA directory C:/github/amba_bus/m_b_t_a/hw
TRACE::2024-10-07.15:53:34::SCWPlatform:: Platform Path C:/github/amba_bus/m_b_t_a/hw/micro_blaze_AMBA_BUS_wrapper.xsa
TRACE::2024-10-07.15:53:34::SCWPlatform:: Unique name xilinx:basys3::0.0
TRACE::2024-10-07.15:53:34::SCWPlatform::Trying to set the existing hwdb with name micro_blaze_AMBA_BUS_wrapper_4
TRACE::2024-10-07.15:53:34::SCWPlatform::Opened existing hwdb micro_blaze_AMBA_BUS_wrapper_4
TRACE::2024-10-07.15:53:34::SCWPlatform::Found the Hw Db part of the input DSA
TRACE::2024-10-07.15:53:34::SCWMssOS::Checking the sw design at  C:/github/amba_bus/m_b_t_a/microblaze_0/standalone_domain/bsp/system.mss
TRACE::2024-10-07.15:53:34::SCWMssOS::DEBUG:  swdes dump  C:/github/amba_bus/m_b_t_a/microblaze_0/standalone_domain/bsp/system.mss|system||

TRACE::2024-10-07.15:53:34::SCWMssOS::Sw design exists and opened at  C:/github/amba_bus/m_b_t_a/microblaze_0/standalone_domain/bsp/system.mss
TRACE::2024-10-07.15:53:34::SCWPlatform::Trying to open the hw design at C:/github/amba_bus/m_b_t_a/hw/micro_blaze_AMBA_BUS_wrapper.xsa
TRACE::2024-10-07.15:53:34::SCWPlatform::DSA given C:/github/amba_bus/m_b_t_a/hw/micro_blaze_AMBA_BUS_wrapper.xsa
TRACE::2024-10-07.15:53:34::SCWPlatform::DSA absoulate path C:/github/amba_bus/m_b_t_a/hw/micro_blaze_AMBA_BUS_wrapper.xsa
TRACE::2024-10-07.15:53:34::SCWPlatform::DSA directory C:/github/amba_bus/m_b_t_a/hw
TRACE::2024-10-07.15:53:34::SCWPlatform:: Platform Path C:/github/amba_bus/m_b_t_a/hw/micro_blaze_AMBA_BUS_wrapper.xsa
TRACE::2024-10-07.15:53:34::SCWPlatform:: Unique name xilinx:basys3::0.0
TRACE::2024-10-07.15:53:34::SCWPlatform::Trying to set the existing hwdb with name micro_blaze_AMBA_BUS_wrapper_4
TRACE::2024-10-07.15:53:34::SCWPlatform::Opened existing hwdb micro_blaze_AMBA_BUS_wrapper_4
TRACE::2024-10-07.15:53:34::SCWPlatform::Found the Hw Db part of the input DSA
TRACE::2024-10-07.15:53:34::SCWMssOS::Checking the sw design at  C:/github/amba_bus/m_b_t_a/microblaze_0/standalone_domain/bsp/system.mss
TRACE::2024-10-07.15:53:34::SCWMssOS::DEBUG:  swdes dump  C:/github/amba_bus/m_b_t_a/microblaze_0/standalone_domain/bsp/system.mss|system||

TRACE::2024-10-07.15:53:34::SCWMssOS::Sw design exists and opened at  C:/github/amba_bus/m_b_t_a/microblaze_0/standalone_domain/bsp/system.mss
TRACE::2024-10-07.15:53:34::SCWWriter::formatted JSON is {
	"platformName":	"m_b_t_a",
	"sprVersion":	"2.0",
	"mode":	"gui",
	"dsaType":	"Fixed",
	"platformDesc":	"m_b_t_a",
	"platHandOff":	"C:/github/amba_bus/soc_AMBA_BUS/micro_blaze_AMBA_BUS_wrapper.xsa",
	"platIntHandOff":	"<platformDir>/hw/micro_blaze_AMBA_BUS_wrapper.xsa",
	"deviceType":	"FPGA",
	"platIsPrebuiltAutogen":	"false",
	"platIsNoBootBsp":	"false",
	"hasFsblMakeHasChanges":	"false",
	"hasPmufwMakeHasChanges":	"false",
	"platPreBuiltFlag":	false,
	"platformSamplesDir":	"",
	"platActiveSys":	"m_b_t_a",
	"systems":	[{
			"systemName":	"m_b_t_a",
			"systemDesc":	"m_b_t_a",
			"sysIsBootAutoGen":	"true",
			"systemDispName":	"m_b_t_a",
			"sysActiveDom":	"standalone_domain",
			"sysDefaultDom":	"standalone_domain",
			"domains":	[{
					"domainName":	"standalone_domain",
					"domainDispName":	"standalone_domain",
					"domainDesc":	"standalone_domain",
					"processors":	"microblaze_0",
					"os":	"standalone",
					"sdxOs":	"standalone",
					"debugEnable":	"False",
					"domRuntimes":	["cpp"],
					"swRepo":	"",
					"mssOsVer":	"7.1",
					"mssFile":	"",
					"md5Digest":	"4c9a59e7193b92f9d28e791567d4d16a",
					"compatibleApp":	"",
					"domType":	"mssDomain",
					"appSettings":	{
						"appCompilerFlags":	"",
						"appLinkerFlags":	""
					},
					"addedLibs":	[],
					"libOptions":	{
						"libsContainingOptions":	[]
					},
					"prebuiltLibs":	{
						"prebuiltIncPath":	[],
						"prebuiltLibPath":	[]
					},
					"isolation":	{
					}
				}]
		}]
}
KEYINFO::2024-10-07.15:53:34::SCWPlatform::updated the xpfm file.
TRACE::2024-10-07.15:53:34::SCWPlatform::Trying to open the hw design at C:/github/amba_bus/m_b_t_a/hw/micro_blaze_AMBA_BUS_wrapper.xsa
TRACE::2024-10-07.15:53:34::SCWPlatform::DSA given C:/github/amba_bus/m_b_t_a/hw/micro_blaze_AMBA_BUS_wrapper.xsa
TRACE::2024-10-07.15:53:34::SCWPlatform::DSA absoulate path C:/github/amba_bus/m_b_t_a/hw/micro_blaze_AMBA_BUS_wrapper.xsa
TRACE::2024-10-07.15:53:34::SCWPlatform::DSA directory C:/github/amba_bus/m_b_t_a/hw
TRACE::2024-10-07.15:53:34::SCWPlatform:: Platform Path C:/github/amba_bus/m_b_t_a/hw/micro_blaze_AMBA_BUS_wrapper.xsa
TRACE::2024-10-07.15:53:34::SCWPlatform:: Unique name xilinx:basys3::0.0
TRACE::2024-10-07.15:53:34::SCWPlatform::Trying to set the existing hwdb with name micro_blaze_AMBA_BUS_wrapper_4
TRACE::2024-10-07.15:53:34::SCWPlatform::Opened existing hwdb micro_blaze_AMBA_BUS_wrapper_4
TRACE::2024-10-07.15:53:34::SCWPlatform::Found the Hw Db part of the input DSA
TRACE::2024-10-07.15:53:34::SCWMssOS::Checking the sw design at  C:/github/amba_bus/m_b_t_a/microblaze_0/standalone_domain/bsp/system.mss
TRACE::2024-10-07.15:53:34::SCWMssOS::DEBUG:  swdes dump  C:/github/amba_bus/m_b_t_a/microblaze_0/standalone_domain/bsp/system.mss|system||

TRACE::2024-10-07.15:53:34::SCWMssOS::Sw design exists and opened at  C:/github/amba_bus/m_b_t_a/microblaze_0/standalone_domain/bsp/system.mss
TRACE::2024-10-07.15:53:34::SCWPlatform::Trying to open the hw design at C:/github/amba_bus/m_b_t_a/hw/micro_blaze_AMBA_BUS_wrapper.xsa
TRACE::2024-10-07.15:53:34::SCWPlatform::DSA given C:/github/amba_bus/m_b_t_a/hw/micro_blaze_AMBA_BUS_wrapper.xsa
TRACE::2024-10-07.15:53:34::SCWPlatform::DSA absoulate path C:/github/amba_bus/m_b_t_a/hw/micro_blaze_AMBA_BUS_wrapper.xsa
TRACE::2024-10-07.15:53:34::SCWPlatform::DSA directory C:/github/amba_bus/m_b_t_a/hw
TRACE::2024-10-07.15:53:34::SCWPlatform:: Platform Path C:/github/amba_bus/m_b_t_a/hw/micro_blaze_AMBA_BUS_wrapper.xsa
TRACE::2024-10-07.15:53:34::SCWPlatform:: Unique name xilinx:basys3::0.0
TRACE::2024-10-07.15:53:34::SCWPlatform::Trying to set the existing hwdb with name micro_blaze_AMBA_BUS_wrapper_4
TRACE::2024-10-07.15:53:34::SCWPlatform::Opened existing hwdb micro_blaze_AMBA_BUS_wrapper_4
TRACE::2024-10-07.15:53:34::SCWPlatform::Found the Hw Db part of the input DSA
TRACE::2024-10-07.15:53:34::SCWMssOS::Checking the sw design at  C:/github/amba_bus/m_b_t_a/microblaze_0/standalone_domain/bsp/system.mss
TRACE::2024-10-07.15:53:34::SCWMssOS::DEBUG:  swdes dump  C:/github/amba_bus/m_b_t_a/microblaze_0/standalone_domain/bsp/system.mss|system||

TRACE::2024-10-07.15:53:34::SCWMssOS::Sw design exists and opened at  C:/github/amba_bus/m_b_t_a/microblaze_0/standalone_domain/bsp/system.mss
TRACE::2024-10-07.15:53:34::SCWPlatform::Trying to open the hw design at C:/github/amba_bus/m_b_t_a/hw/micro_blaze_AMBA_BUS_wrapper.xsa
TRACE::2024-10-07.15:53:34::SCWPlatform::DSA given C:/github/amba_bus/m_b_t_a/hw/micro_blaze_AMBA_BUS_wrapper.xsa
TRACE::2024-10-07.15:53:34::SCWPlatform::DSA absoulate path C:/github/amba_bus/m_b_t_a/hw/micro_blaze_AMBA_BUS_wrapper.xsa
TRACE::2024-10-07.15:53:34::SCWPlatform::DSA directory C:/github/amba_bus/m_b_t_a/hw
TRACE::2024-10-07.15:53:34::SCWPlatform:: Platform Path C:/github/amba_bus/m_b_t_a/hw/micro_blaze_AMBA_BUS_wrapper.xsa
TRACE::2024-10-07.15:53:34::SCWPlatform:: Unique name xilinx:basys3::0.0
TRACE::2024-10-07.15:53:34::SCWPlatform::Trying to set the existing hwdb with name micro_blaze_AMBA_BUS_wrapper_4
TRACE::2024-10-07.15:53:34::SCWPlatform::Opened existing hwdb micro_blaze_AMBA_BUS_wrapper_4
TRACE::2024-10-07.15:53:34::SCWPlatform::Found the Hw Db part of the input DSA
TRACE::2024-10-07.15:53:34::SCWMssOS::Checking the sw design at  C:/github/amba_bus/m_b_t_a/microblaze_0/standalone_domain/bsp/system.mss
TRACE::2024-10-07.15:53:34::SCWMssOS::DEBUG:  swdes dump  C:/github/amba_bus/m_b_t_a/microblaze_0/standalone_domain/bsp/system.mss|system||

TRACE::2024-10-07.15:53:34::SCWMssOS::Sw design exists and opened at  C:/github/amba_bus/m_b_t_a/microblaze_0/standalone_domain/bsp/system.mss
TRACE::2024-10-07.15:53:34::SCWPlatform::Trying to open the hw design at C:/github/amba_bus/m_b_t_a/hw/micro_blaze_AMBA_BUS_wrapper.xsa
TRACE::2024-10-07.15:53:34::SCWPlatform::DSA given C:/github/amba_bus/m_b_t_a/hw/micro_blaze_AMBA_BUS_wrapper.xsa
TRACE::2024-10-07.15:53:34::SCWPlatform::DSA absoulate path C:/github/amba_bus/m_b_t_a/hw/micro_blaze_AMBA_BUS_wrapper.xsa
TRACE::2024-10-07.15:53:34::SCWPlatform::DSA directory C:/github/amba_bus/m_b_t_a/hw
TRACE::2024-10-07.15:53:34::SCWPlatform:: Platform Path C:/github/amba_bus/m_b_t_a/hw/micro_blaze_AMBA_BUS_wrapper.xsa
TRACE::2024-10-07.15:53:34::SCWPlatform:: Unique name xilinx:basys3::0.0
TRACE::2024-10-07.15:53:34::SCWPlatform::Trying to set the existing hwdb with name micro_blaze_AMBA_BUS_wrapper_4
TRACE::2024-10-07.15:53:34::SCWPlatform::Opened existing hwdb micro_blaze_AMBA_BUS_wrapper_4
TRACE::2024-10-07.15:53:34::SCWPlatform::Found the Hw Db part of the input DSA
TRACE::2024-10-07.15:53:34::SCWMssOS::Checking the sw design at  C:/github/amba_bus/m_b_t_a/microblaze_0/standalone_domain/bsp/system.mss
TRACE::2024-10-07.15:53:34::SCWMssOS::DEBUG:  swdes dump  C:/github/amba_bus/m_b_t_a/microblaze_0/standalone_domain/bsp/system.mss|system||

TRACE::2024-10-07.15:53:34::SCWMssOS::Sw design exists and opened at  C:/github/amba_bus/m_b_t_a/microblaze_0/standalone_domain/bsp/system.mss
TRACE::2024-10-07.15:53:34::SCWWriter::formatted JSON is {
	"platformName":	"m_b_t_a",
	"sprVersion":	"2.0",
	"mode":	"gui",
	"dsaType":	"Fixed",
	"platformDesc":	"m_b_t_a",
	"platHandOff":	"C:/github/amba_bus/soc_AMBA_BUS/micro_blaze_AMBA_BUS_wrapper.xsa",
	"platIntHandOff":	"<platformDir>/hw/micro_blaze_AMBA_BUS_wrapper.xsa",
	"deviceType":	"FPGA",
	"platIsPrebuiltAutogen":	"false",
	"platIsNoBootBsp":	"false",
	"hasFsblMakeHasChanges":	"false",
	"hasPmufwMakeHasChanges":	"false",
	"platPreBuiltFlag":	false,
	"platformSamplesDir":	"",
	"platActiveSys":	"m_b_t_a",
	"systems":	[{
			"systemName":	"m_b_t_a",
			"systemDesc":	"m_b_t_a",
			"sysIsBootAutoGen":	"true",
			"systemDispName":	"m_b_t_a",
			"sysActiveDom":	"standalone_domain",
			"sysDefaultDom":	"standalone_domain",
			"domains":	[{
					"domainName":	"standalone_domain",
					"domainDispName":	"standalone_domain",
					"domainDesc":	"standalone_domain",
					"processors":	"microblaze_0",
					"os":	"standalone",
					"sdxOs":	"standalone",
					"debugEnable":	"False",
					"domRuntimes":	["cpp"],
					"swRepo":	"",
					"mssOsVer":	"7.1",
					"mssFile":	"",
					"md5Digest":	"4c9a59e7193b92f9d28e791567d4d16a",
					"compatibleApp":	"",
					"domType":	"mssDomain",
					"appSettings":	{
						"appCompilerFlags":	"",
						"appLinkerFlags":	""
					},
					"addedLibs":	[],
					"libOptions":	{
						"libsContainingOptions":	[]
					},
					"prebuiltLibs":	{
						"prebuiltIncPath":	[],
						"prebuiltLibPath":	[]
					},
					"isolation":	{
					}
				}]
		}]
}
TRACE::2024-10-07.15:53:34::SCWPlatform::Trying to open the hw design at C:/github/amba_bus/m_b_t_a/hw/micro_blaze_AMBA_BUS_wrapper.xsa
TRACE::2024-10-07.15:53:34::SCWPlatform::DSA given C:/github/amba_bus/m_b_t_a/hw/micro_blaze_AMBA_BUS_wrapper.xsa
TRACE::2024-10-07.15:53:34::SCWPlatform::DSA absoulate path C:/github/amba_bus/m_b_t_a/hw/micro_blaze_AMBA_BUS_wrapper.xsa
TRACE::2024-10-07.15:53:34::SCWPlatform::DSA directory C:/github/amba_bus/m_b_t_a/hw
TRACE::2024-10-07.15:53:34::SCWPlatform:: Platform Path C:/github/amba_bus/m_b_t_a/hw/micro_blaze_AMBA_BUS_wrapper.xsa
TRACE::2024-10-07.15:53:34::SCWPlatform:: Unique name xilinx:basys3::0.0
TRACE::2024-10-07.15:53:34::SCWPlatform::Trying to set the existing hwdb with name micro_blaze_AMBA_BUS_wrapper_4
TRACE::2024-10-07.15:53:34::SCWPlatform::Opened existing hwdb micro_blaze_AMBA_BUS_wrapper_4
TRACE::2024-10-07.15:53:34::SCWPlatform::Found the Hw Db part of the input DSA
TRACE::2024-10-07.15:53:34::SCWMssOS::Checking the sw design at  C:/github/amba_bus/m_b_t_a/microblaze_0/standalone_domain/bsp/system.mss
TRACE::2024-10-07.15:53:34::SCWMssOS::DEBUG:  swdes dump  C:/github/amba_bus/m_b_t_a/microblaze_0/standalone_domain/bsp/system.mss|system||

TRACE::2024-10-07.15:53:34::SCWMssOS::Sw design exists and opened at  C:/github/amba_bus/m_b_t_a/microblaze_0/standalone_domain/bsp/system.mss
TRACE::2024-10-07.15:53:34::SCWPlatform::Trying to open the hw design at C:/github/amba_bus/m_b_t_a/hw/micro_blaze_AMBA_BUS_wrapper.xsa
TRACE::2024-10-07.15:53:34::SCWPlatform::DSA given C:/github/amba_bus/m_b_t_a/hw/micro_blaze_AMBA_BUS_wrapper.xsa
TRACE::2024-10-07.15:53:34::SCWPlatform::DSA absoulate path C:/github/amba_bus/m_b_t_a/hw/micro_blaze_AMBA_BUS_wrapper.xsa
TRACE::2024-10-07.15:53:34::SCWPlatform::DSA directory C:/github/amba_bus/m_b_t_a/hw
TRACE::2024-10-07.15:53:34::SCWPlatform:: Platform Path C:/github/amba_bus/m_b_t_a/hw/micro_blaze_AMBA_BUS_wrapper.xsa
TRACE::2024-10-07.15:53:34::SCWPlatform:: Unique name xilinx:basys3::0.0
TRACE::2024-10-07.15:53:34::SCWPlatform::Trying to set the existing hwdb with name micro_blaze_AMBA_BUS_wrapper_4
TRACE::2024-10-07.15:53:34::SCWPlatform::Opened existing hwdb micro_blaze_AMBA_BUS_wrapper_4
TRACE::2024-10-07.15:53:34::SCWPlatform::Found the Hw Db part of the input DSA
TRACE::2024-10-07.15:53:34::SCWMssOS::Checking the sw design at  C:/github/amba_bus/m_b_t_a/microblaze_0/standalone_domain/bsp/system.mss
TRACE::2024-10-07.15:53:34::SCWMssOS::DEBUG:  swdes dump  C:/github/amba_bus/m_b_t_a/microblaze_0/standalone_domain/bsp/system.mss|system||

TRACE::2024-10-07.15:53:34::SCWMssOS::Sw design exists and opened at  C:/github/amba_bus/m_b_t_a/microblaze_0/standalone_domain/bsp/system.mss
TRACE::2024-10-07.15:53:34::SCWPlatform::Trying to open the hw design at C:/github/amba_bus/m_b_t_a/hw/micro_blaze_AMBA_BUS_wrapper.xsa
TRACE::2024-10-07.15:53:34::SCWPlatform::DSA given C:/github/amba_bus/m_b_t_a/hw/micro_blaze_AMBA_BUS_wrapper.xsa
TRACE::2024-10-07.15:53:34::SCWPlatform::DSA absoulate path C:/github/amba_bus/m_b_t_a/hw/micro_blaze_AMBA_BUS_wrapper.xsa
TRACE::2024-10-07.15:53:34::SCWPlatform::DSA directory C:/github/amba_bus/m_b_t_a/hw
TRACE::2024-10-07.15:53:34::SCWPlatform:: Platform Path C:/github/amba_bus/m_b_t_a/hw/micro_blaze_AMBA_BUS_wrapper.xsa
TRACE::2024-10-07.15:53:34::SCWPlatform:: Unique name xilinx:basys3::0.0
TRACE::2024-10-07.15:53:34::SCWPlatform::Trying to set the existing hwdb with name micro_blaze_AMBA_BUS_wrapper_4
TRACE::2024-10-07.15:53:34::SCWPlatform::Opened existing hwdb micro_blaze_AMBA_BUS_wrapper_4
TRACE::2024-10-07.15:53:34::SCWPlatform::Found the Hw Db part of the input DSA
TRACE::2024-10-07.15:53:34::SCWMssOS::Checking the sw design at  C:/github/amba_bus/m_b_t_a/microblaze_0/standalone_domain/bsp/system.mss
TRACE::2024-10-07.15:53:34::SCWMssOS::DEBUG:  swdes dump  C:/github/amba_bus/m_b_t_a/microblaze_0/standalone_domain/bsp/system.mss|system||

TRACE::2024-10-07.15:53:34::SCWMssOS::Sw design exists and opened at  C:/github/amba_bus/m_b_t_a/microblaze_0/standalone_domain/bsp/system.mss
TRACE::2024-10-07.15:53:34::SCWPlatform::Trying to open the hw design at C:/github/amba_bus/m_b_t_a/hw/micro_blaze_AMBA_BUS_wrapper.xsa
TRACE::2024-10-07.15:53:34::SCWPlatform::DSA given C:/github/amba_bus/m_b_t_a/hw/micro_blaze_AMBA_BUS_wrapper.xsa
TRACE::2024-10-07.15:53:34::SCWPlatform::DSA absoulate path C:/github/amba_bus/m_b_t_a/hw/micro_blaze_AMBA_BUS_wrapper.xsa
TRACE::2024-10-07.15:53:34::SCWPlatform::DSA directory C:/github/amba_bus/m_b_t_a/hw
TRACE::2024-10-07.15:53:34::SCWPlatform:: Platform Path C:/github/amba_bus/m_b_t_a/hw/micro_blaze_AMBA_BUS_wrapper.xsa
TRACE::2024-10-07.15:53:34::SCWPlatform:: Unique name xilinx:basys3::0.0
TRACE::2024-10-07.15:53:34::SCWPlatform::Trying to set the existing hwdb with name micro_blaze_AMBA_BUS_wrapper_4
TRACE::2024-10-07.15:53:34::SCWPlatform::Opened existing hwdb micro_blaze_AMBA_BUS_wrapper_4
TRACE::2024-10-07.15:53:34::SCWPlatform::Found the Hw Db part of the input DSA
TRACE::2024-10-07.15:53:34::SCWMssOS::Checking the sw design at  C:/github/amba_bus/m_b_t_a/microblaze_0/standalone_domain/bsp/system.mss
TRACE::2024-10-07.15:53:34::SCWMssOS::DEBUG:  swdes dump  C:/github/amba_bus/m_b_t_a/microblaze_0/standalone_domain/bsp/system.mss|system||

TRACE::2024-10-07.15:53:34::SCWMssOS::Sw design exists and opened at  C:/github/amba_bus/m_b_t_a/microblaze_0/standalone_domain/bsp/system.mss
TRACE::2024-10-07.15:53:34::SCWPlatform::Trying to open the hw design at C:/github/amba_bus/m_b_t_a/hw/micro_blaze_AMBA_BUS_wrapper.xsa
TRACE::2024-10-07.15:53:34::SCWPlatform::DSA given C:/github/amba_bus/m_b_t_a/hw/micro_blaze_AMBA_BUS_wrapper.xsa
TRACE::2024-10-07.15:53:34::SCWPlatform::DSA absoulate path C:/github/amba_bus/m_b_t_a/hw/micro_blaze_AMBA_BUS_wrapper.xsa
TRACE::2024-10-07.15:53:34::SCWPlatform::DSA directory C:/github/amba_bus/m_b_t_a/hw
TRACE::2024-10-07.15:53:34::SCWPlatform:: Platform Path C:/github/amba_bus/m_b_t_a/hw/micro_blaze_AMBA_BUS_wrapper.xsa
TRACE::2024-10-07.15:53:34::SCWPlatform:: Unique name xilinx:basys3::0.0
TRACE::2024-10-07.15:53:34::SCWPlatform::Trying to set the existing hwdb with name micro_blaze_AMBA_BUS_wrapper_4
TRACE::2024-10-07.15:53:34::SCWPlatform::Opened existing hwdb micro_blaze_AMBA_BUS_wrapper_4
TRACE::2024-10-07.15:53:34::SCWPlatform::Found the Hw Db part of the input DSA
TRACE::2024-10-07.15:53:34::SCWMssOS::Checking the sw design at  C:/github/amba_bus/m_b_t_a/microblaze_0/standalone_domain/bsp/system.mss
TRACE::2024-10-07.15:53:34::SCWMssOS::DEBUG:  swdes dump  C:/github/amba_bus/m_b_t_a/microblaze_0/standalone_domain/bsp/system.mss|system||

TRACE::2024-10-07.15:53:34::SCWMssOS::Sw design exists and opened at  C:/github/amba_bus/m_b_t_a/microblaze_0/standalone_domain/bsp/system.mss
TRACE::2024-10-07.15:53:34::SCWPlatform::Trying to open the hw design at C:/github/amba_bus/m_b_t_a/hw/micro_blaze_AMBA_BUS_wrapper.xsa
TRACE::2024-10-07.15:53:34::SCWPlatform::DSA given C:/github/amba_bus/m_b_t_a/hw/micro_blaze_AMBA_BUS_wrapper.xsa
TRACE::2024-10-07.15:53:34::SCWPlatform::DSA absoulate path C:/github/amba_bus/m_b_t_a/hw/micro_blaze_AMBA_BUS_wrapper.xsa
TRACE::2024-10-07.15:53:34::SCWPlatform::DSA directory C:/github/amba_bus/m_b_t_a/hw
TRACE::2024-10-07.15:53:34::SCWPlatform:: Platform Path C:/github/amba_bus/m_b_t_a/hw/micro_blaze_AMBA_BUS_wrapper.xsa
TRACE::2024-10-07.15:53:34::SCWPlatform:: Unique name xilinx:basys3::0.0
TRACE::2024-10-07.15:53:34::SCWPlatform::Trying to set the existing hwdb with name micro_blaze_AMBA_BUS_wrapper_4
TRACE::2024-10-07.15:53:34::SCWPlatform::Opened existing hwdb micro_blaze_AMBA_BUS_wrapper_4
TRACE::2024-10-07.15:53:34::SCWPlatform::Found the Hw Db part of the input DSA
TRACE::2024-10-07.15:53:34::SCWMssOS::Checking the sw design at  C:/github/amba_bus/m_b_t_a/microblaze_0/standalone_domain/bsp/system.mss
TRACE::2024-10-07.15:53:34::SCWMssOS::DEBUG:  swdes dump  C:/github/amba_bus/m_b_t_a/microblaze_0/standalone_domain/bsp/system.mss|system||

TRACE::2024-10-07.15:53:34::SCWMssOS::Sw design exists and opened at  C:/github/amba_bus/m_b_t_a/microblaze_0/standalone_domain/bsp/system.mss
TRACE::2024-10-07.15:53:34::SCWWriter::formatted JSON is {
	"platformName":	"m_b_t_a",
	"sprVersion":	"2.0",
	"mode":	"gui",
	"dsaType":	"Fixed",
	"platformDesc":	"m_b_t_a",
	"platHandOff":	"C:/github/amba_bus/soc_AMBA_BUS/micro_blaze_AMBA_BUS_wrapper.xsa",
	"platIntHandOff":	"<platformDir>/hw/micro_blaze_AMBA_BUS_wrapper.xsa",
	"deviceType":	"FPGA",
	"platIsPrebuiltAutogen":	"false",
	"platIsNoBootBsp":	"false",
	"hasFsblMakeHasChanges":	"false",
	"hasPmufwMakeHasChanges":	"false",
	"platPreBuiltFlag":	false,
	"platformSamplesDir":	"",
	"platActiveSys":	"m_b_t_a",
	"systems":	[{
			"systemName":	"m_b_t_a",
			"systemDesc":	"m_b_t_a",
			"sysIsBootAutoGen":	"true",
			"systemDispName":	"m_b_t_a",
			"sysActiveDom":	"standalone_domain",
			"sysDefaultDom":	"standalone_domain",
			"domains":	[{
					"domainName":	"standalone_domain",
					"domainDispName":	"standalone on microblaze_0",
					"domainDesc":	"standalone_domain",
					"processors":	"microblaze_0",
					"os":	"standalone",
					"sdxOs":	"standalone",
					"debugEnable":	"False",
					"domRuntimes":	["cpp"],
					"swRepo":	"",
					"mssOsVer":	"7.1",
					"mssFile":	"",
					"md5Digest":	"4c9a59e7193b92f9d28e791567d4d16a",
					"compatibleApp":	"",
					"domType":	"mssDomain",
					"appSettings":	{
						"appCompilerFlags":	"",
						"appLinkerFlags":	""
					},
					"addedLibs":	[],
					"libOptions":	{
						"libsContainingOptions":	[]
					},
					"prebuiltLibs":	{
						"prebuiltIncPath":	[],
						"prebuiltLibPath":	[]
					},
					"isolation":	{
					}
				}]
		}]
}
TRACE::2024-10-07.15:53:34::SCWPlatform::Trying to open the hw design at C:/github/amba_bus/m_b_t_a/hw/micro_blaze_AMBA_BUS_wrapper.xsa
TRACE::2024-10-07.15:53:34::SCWPlatform::DSA given C:/github/amba_bus/m_b_t_a/hw/micro_blaze_AMBA_BUS_wrapper.xsa
TRACE::2024-10-07.15:53:34::SCWPlatform::DSA absoulate path C:/github/amba_bus/m_b_t_a/hw/micro_blaze_AMBA_BUS_wrapper.xsa
TRACE::2024-10-07.15:53:34::SCWPlatform::DSA directory C:/github/amba_bus/m_b_t_a/hw
TRACE::2024-10-07.15:53:34::SCWPlatform:: Platform Path C:/github/amba_bus/m_b_t_a/hw/micro_blaze_AMBA_BUS_wrapper.xsa
TRACE::2024-10-07.15:53:34::SCWPlatform:: Unique name xilinx:basys3::0.0
TRACE::2024-10-07.15:53:34::SCWPlatform::Trying to set the existing hwdb with name micro_blaze_AMBA_BUS_wrapper_4
TRACE::2024-10-07.15:53:34::SCWPlatform::Opened existing hwdb micro_blaze_AMBA_BUS_wrapper_4
TRACE::2024-10-07.15:53:34::SCWPlatform::Found the Hw Db part of the input DSA
TRACE::2024-10-07.15:53:34::SCWMssOS::Checking the sw design at  C:/github/amba_bus/m_b_t_a/microblaze_0/standalone_domain/bsp/system.mss
TRACE::2024-10-07.15:53:34::SCWMssOS::DEBUG:  swdes dump  C:/github/amba_bus/m_b_t_a/microblaze_0/standalone_domain/bsp/system.mss|system||

TRACE::2024-10-07.15:53:34::SCWMssOS::Sw design exists and opened at  C:/github/amba_bus/m_b_t_a/microblaze_0/standalone_domain/bsp/system.mss
TRACE::2024-10-07.15:53:34::SCWPlatform::Trying to open the hw design at C:/github/amba_bus/m_b_t_a/hw/micro_blaze_AMBA_BUS_wrapper.xsa
TRACE::2024-10-07.15:53:34::SCWPlatform::DSA given C:/github/amba_bus/m_b_t_a/hw/micro_blaze_AMBA_BUS_wrapper.xsa
TRACE::2024-10-07.15:53:34::SCWPlatform::DSA absoulate path C:/github/amba_bus/m_b_t_a/hw/micro_blaze_AMBA_BUS_wrapper.xsa
TRACE::2024-10-07.15:53:34::SCWPlatform::DSA directory C:/github/amba_bus/m_b_t_a/hw
TRACE::2024-10-07.15:53:34::SCWPlatform:: Platform Path C:/github/amba_bus/m_b_t_a/hw/micro_blaze_AMBA_BUS_wrapper.xsa
TRACE::2024-10-07.15:53:34::SCWPlatform:: Unique name xilinx:basys3::0.0
TRACE::2024-10-07.15:53:34::SCWPlatform::Trying to set the existing hwdb with name micro_blaze_AMBA_BUS_wrapper_4
TRACE::2024-10-07.15:53:34::SCWPlatform::Opened existing hwdb micro_blaze_AMBA_BUS_wrapper_4
TRACE::2024-10-07.15:53:34::SCWPlatform::Found the Hw Db part of the input DSA
TRACE::2024-10-07.15:53:34::SCWMssOS::Checking the sw design at  C:/github/amba_bus/m_b_t_a/microblaze_0/standalone_domain/bsp/system.mss
TRACE::2024-10-07.15:53:34::SCWMssOS::DEBUG:  swdes dump  C:/github/amba_bus/m_b_t_a/microblaze_0/standalone_domain/bsp/system.mss|system||

TRACE::2024-10-07.15:53:34::SCWMssOS::Sw design exists and opened at  C:/github/amba_bus/m_b_t_a/microblaze_0/standalone_domain/bsp/system.mss
TRACE::2024-10-07.15:53:34::SCWPlatform::Trying to open the hw design at C:/github/amba_bus/m_b_t_a/hw/micro_blaze_AMBA_BUS_wrapper.xsa
TRACE::2024-10-07.15:53:34::SCWPlatform::DSA given C:/github/amba_bus/m_b_t_a/hw/micro_blaze_AMBA_BUS_wrapper.xsa
TRACE::2024-10-07.15:53:34::SCWPlatform::DSA absoulate path C:/github/amba_bus/m_b_t_a/hw/micro_blaze_AMBA_BUS_wrapper.xsa
TRACE::2024-10-07.15:53:34::SCWPlatform::DSA directory C:/github/amba_bus/m_b_t_a/hw
TRACE::2024-10-07.15:53:34::SCWPlatform:: Platform Path C:/github/amba_bus/m_b_t_a/hw/micro_blaze_AMBA_BUS_wrapper.xsa
TRACE::2024-10-07.15:53:34::SCWPlatform:: Unique name xilinx:basys3::0.0
TRACE::2024-10-07.15:53:34::SCWPlatform::Trying to set the existing hwdb with name micro_blaze_AMBA_BUS_wrapper_4
TRACE::2024-10-07.15:53:34::SCWPlatform::Opened existing hwdb micro_blaze_AMBA_BUS_wrapper_4
TRACE::2024-10-07.15:53:34::SCWPlatform::Found the Hw Db part of the input DSA
TRACE::2024-10-07.15:53:34::SCWMssOS::Checking the sw design at  C:/github/amba_bus/m_b_t_a/microblaze_0/standalone_domain/bsp/system.mss
TRACE::2024-10-07.15:53:34::SCWMssOS::DEBUG:  swdes dump  C:/github/amba_bus/m_b_t_a/microblaze_0/standalone_domain/bsp/system.mss|system||

TRACE::2024-10-07.15:53:34::SCWMssOS::Sw design exists and opened at  C:/github/amba_bus/m_b_t_a/microblaze_0/standalone_domain/bsp/system.mss
TRACE::2024-10-07.15:53:34::SCWWriter::formatted JSON is {
	"platformName":	"m_b_t_a",
	"sprVersion":	"2.0",
	"mode":	"gui",
	"dsaType":	"Fixed",
	"platformDesc":	"m_b_t_a",
	"platHandOff":	"C:/github/amba_bus/soc_AMBA_BUS/micro_blaze_AMBA_BUS_wrapper.xsa",
	"platIntHandOff":	"<platformDir>/hw/micro_blaze_AMBA_BUS_wrapper.xsa",
	"deviceType":	"FPGA",
	"platIsPrebuiltAutogen":	"false",
	"platIsNoBootBsp":	"false",
	"hasFsblMakeHasChanges":	"false",
	"hasPmufwMakeHasChanges":	"false",
	"platPreBuiltFlag":	false,
	"platformSamplesDir":	"",
	"platActiveSys":	"m_b_t_a",
	"systems":	[{
			"systemName":	"m_b_t_a",
			"systemDesc":	"m_b_t_a",
			"sysIsBootAutoGen":	"true",
			"systemDispName":	"m_b_t_a",
			"sysActiveDom":	"standalone_domain",
			"sysDefaultDom":	"standalone_domain",
			"domains":	[{
					"domainName":	"standalone_domain",
					"domainDispName":	"standalone on microblaze_0",
					"domainDesc":	"standalone_domain",
					"processors":	"microblaze_0",
					"os":	"standalone",
					"sdxOs":	"standalone",
					"debugEnable":	"False",
					"domRuntimes":	["cpp"],
					"swRepo":	"",
					"mssOsVer":	"7.1",
					"mssFile":	"",
					"md5Digest":	"4c9a59e7193b92f9d28e791567d4d16a",
					"compatibleApp":	"",
					"domType":	"mssDomain",
					"appSettings":	{
						"appCompilerFlags":	"",
						"appLinkerFlags":	""
					},
					"addedLibs":	[],
					"libOptions":	{
						"libsContainingOptions":	[]
					},
					"prebuiltLibs":	{
						"prebuiltIncPath":	[],
						"prebuiltLibPath":	[]
					},
					"isolation":	{
					}
				}]
		}]
}
TRACE::2024-10-07.15:53:34::SCWPlatform::Clearing the existing platform
TRACE::2024-10-07.15:53:34::SCWSystem::Clearing the existing sysconfig
TRACE::2024-10-07.15:53:34::SCWMssOS::Removing the swdes entry for  C:/github/amba_bus/m_b_t_a/microblaze_0/standalone_domain/bsp/system.mss
TRACE::2024-10-07.15:53:34::SCWSystem::Clearing the domains completed.
TRACE::2024-10-07.15:53:34::SCWPlatform::Clearing the opened hw db.
TRACE::2024-10-07.15:53:34::SCWPlatform::DSA given C:/github/amba_bus/m_b_t_a/hw/micro_blaze_AMBA_BUS_wrapper.xsa
TRACE::2024-10-07.15:53:34::SCWPlatform::DSA absoulate path C:/github/amba_bus/m_b_t_a/hw/micro_blaze_AMBA_BUS_wrapper.xsa
TRACE::2024-10-07.15:53:34::SCWPlatform:: Platform location is C:/github/amba_bus/m_b_t_a/hw
TRACE::2024-10-07.15:53:34::SCWPlatform:: Platform Path C:/github/amba_bus/m_b_t_a/hw/micro_blaze_AMBA_BUS_wrapper.xsa
TRACE::2024-10-07.15:53:34::SCWPlatform:: Unique name xilinx:basys3::0.0
TRACE::2024-10-07.15:53:34::SCWPlatform::Removing the HwDB with name C:/github/amba_bus/m_b_t_a/hw/micro_blaze_AMBA_BUS_wrapper.xsa
TRACE::2024-10-07.15:53:34::SCWPlatform::Trying to open the hw design at C:/github/amba_bus/m_b_t_a/hw/micro_blaze_AMBA_BUS_wrapper.xsa
TRACE::2024-10-07.15:53:34::SCWPlatform::DSA given C:/github/amba_bus/m_b_t_a/hw/micro_blaze_AMBA_BUS_wrapper.xsa
TRACE::2024-10-07.15:53:34::SCWPlatform::DSA absoulate path C:/github/amba_bus/m_b_t_a/hw/micro_blaze_AMBA_BUS_wrapper.xsa
TRACE::2024-10-07.15:53:34::SCWPlatform::DSA directory C:/github/amba_bus/m_b_t_a/hw
TRACE::2024-10-07.15:53:34::SCWPlatform:: Platform Path C:/github/amba_bus/m_b_t_a/hw/micro_blaze_AMBA_BUS_wrapper.xsa
TRACE::2024-10-07.15:53:34::SCWPlatform:: Unique name xilinx:basys3::0.0
TRACE::2024-10-07.15:53:34::SCWPlatform::Do not have an existing db opened. 
TRACE::2024-10-07.15:53:34::SCWPlatform::Opened new HwDB with name micro_blaze_AMBA_BUS_wrapper_5
TRACE::2024-10-07.15:53:34::SCWReader::Active system found as  m_b_t_a
TRACE::2024-10-07.15:53:34::SCWReader::Handling sysconfig m_b_t_a
TRACE::2024-10-07.15:53:34::SCWDomain::checking for install qemu data   : 
TRACE::2024-10-07.15:53:34::SCWPlatform::Trying to open the hw design at C:/github/amba_bus/m_b_t_a/hw/micro_blaze_AMBA_BUS_wrapper.xsa
TRACE::2024-10-07.15:53:34::SCWPlatform::DSA given C:/github/amba_bus/m_b_t_a/hw/micro_blaze_AMBA_BUS_wrapper.xsa
TRACE::2024-10-07.15:53:34::SCWPlatform::DSA absoulate path C:/github/amba_bus/m_b_t_a/hw/micro_blaze_AMBA_BUS_wrapper.xsa
TRACE::2024-10-07.15:53:34::SCWPlatform::DSA directory C:/github/amba_bus/m_b_t_a/hw
TRACE::2024-10-07.15:53:34::SCWPlatform:: Platform Path C:/github/amba_bus/m_b_t_a/hw/micro_blaze_AMBA_BUS_wrapper.xsa
TRACE::2024-10-07.15:53:34::SCWPlatform:: Unique name xilinx:basys3::0.0
TRACE::2024-10-07.15:53:34::SCWPlatform::Trying to set the existing hwdb with name micro_blaze_AMBA_BUS_wrapper_5
TRACE::2024-10-07.15:53:34::SCWPlatform::Opened existing hwdb micro_blaze_AMBA_BUS_wrapper_5
TRACE::2024-10-07.15:53:34::SCWPlatform::Found the Hw Db part of the input DSA
TRACE::2024-10-07.15:53:34::SCWPlatform::Trying to open the hw design at C:/github/amba_bus/m_b_t_a/hw/micro_blaze_AMBA_BUS_wrapper.xsa
TRACE::2024-10-07.15:53:34::SCWPlatform::DSA given C:/github/amba_bus/m_b_t_a/hw/micro_blaze_AMBA_BUS_wrapper.xsa
TRACE::2024-10-07.15:53:34::SCWPlatform::DSA absoulate path C:/github/amba_bus/m_b_t_a/hw/micro_blaze_AMBA_BUS_wrapper.xsa
TRACE::2024-10-07.15:53:34::SCWPlatform::DSA directory C:/github/amba_bus/m_b_t_a/hw
TRACE::2024-10-07.15:53:34::SCWPlatform:: Platform Path C:/github/amba_bus/m_b_t_a/hw/micro_blaze_AMBA_BUS_wrapper.xsa
TRACE::2024-10-07.15:53:34::SCWPlatform:: Unique name xilinx:basys3::0.0
TRACE::2024-10-07.15:53:34::SCWPlatform::Trying to set the existing hwdb with name micro_blaze_AMBA_BUS_wrapper_5
TRACE::2024-10-07.15:53:34::SCWPlatform::Opened existing hwdb micro_blaze_AMBA_BUS_wrapper_5
TRACE::2024-10-07.15:53:34::SCWPlatform::Found the Hw Db part of the input DSA
TRACE::2024-10-07.15:53:34::SCWPlatform::Trying to open the hw design at C:/github/amba_bus/m_b_t_a/hw/micro_blaze_AMBA_BUS_wrapper.xsa
TRACE::2024-10-07.15:53:34::SCWPlatform::DSA given C:/github/amba_bus/m_b_t_a/hw/micro_blaze_AMBA_BUS_wrapper.xsa
TRACE::2024-10-07.15:53:34::SCWPlatform::DSA absoulate path C:/github/amba_bus/m_b_t_a/hw/micro_blaze_AMBA_BUS_wrapper.xsa
TRACE::2024-10-07.15:53:34::SCWPlatform::DSA directory C:/github/amba_bus/m_b_t_a/hw
TRACE::2024-10-07.15:53:34::SCWPlatform:: Platform Path C:/github/amba_bus/m_b_t_a/hw/micro_blaze_AMBA_BUS_wrapper.xsa
TRACE::2024-10-07.15:53:34::SCWPlatform:: Unique name xilinx:basys3::0.0
TRACE::2024-10-07.15:53:34::SCWPlatform::Trying to set the existing hwdb with name micro_blaze_AMBA_BUS_wrapper_5
TRACE::2024-10-07.15:53:34::SCWPlatform::Opened existing hwdb micro_blaze_AMBA_BUS_wrapper_5
TRACE::2024-10-07.15:53:34::SCWPlatform::Found the Hw Db part of the input DSA
TRACE::2024-10-07.15:53:34::SCWMssOS::Checking the sw design at  C:/github/amba_bus/m_b_t_a/microblaze_0/standalone_domain/bsp/system.mss
TRACE::2024-10-07.15:53:34::SCWMssOS::DEBUG:  swdes dump  
TRACE::2024-10-07.15:53:34::SCWMssOS::No sw design opened at  C:/github/amba_bus/m_b_t_a/microblaze_0/standalone_domain/bsp/system.mss
TRACE::2024-10-07.15:53:34::SCWMssOS::mss exists loading the mss file  C:/github/amba_bus/m_b_t_a/microblaze_0/standalone_domain/bsp/system.mss
TRACE::2024-10-07.15:53:34::SCWMssOS::Opened the sw design from mss  C:/github/amba_bus/m_b_t_a/microblaze_0/standalone_domain/bsp/system.mss
TRACE::2024-10-07.15:53:34::SCWMssOS::Adding the swdes entry C:/github/amba_bus/m_b_t_a/microblaze_0/standalone_domain/bsp/system.mss with des name system
TRACE::2024-10-07.15:53:34::SCWMssOS::updating the scw layer about changes
TRACE::2024-10-07.15:53:34::SCWMssOS::Opened the sw design.  C:/github/amba_bus/m_b_t_a/microblaze_0/standalone_domain/bsp/system.mss
TRACE::2024-10-07.15:53:34::SCWReader::Adding prebuilt librarypaths as   
TRACE::2024-10-07.15:53:34::SCWReader::Adding prebuilt incpaths  as   
TRACE::2024-10-07.15:53:34::SCWPlatform::Trying to open the hw design at C:/github/amba_bus/m_b_t_a/hw/micro_blaze_AMBA_BUS_wrapper.xsa
TRACE::2024-10-07.15:53:34::SCWPlatform::DSA given C:/github/amba_bus/m_b_t_a/hw/micro_blaze_AMBA_BUS_wrapper.xsa
TRACE::2024-10-07.15:53:34::SCWPlatform::DSA absoulate path C:/github/amba_bus/m_b_t_a/hw/micro_blaze_AMBA_BUS_wrapper.xsa
TRACE::2024-10-07.15:53:34::SCWPlatform::DSA directory C:/github/amba_bus/m_b_t_a/hw
TRACE::2024-10-07.15:53:34::SCWPlatform:: Platform Path C:/github/amba_bus/m_b_t_a/hw/micro_blaze_AMBA_BUS_wrapper.xsa
TRACE::2024-10-07.15:53:34::SCWPlatform:: Unique name xilinx:basys3::0.0
TRACE::2024-10-07.15:53:34::SCWPlatform::Trying to set the existing hwdb with name micro_blaze_AMBA_BUS_wrapper_5
TRACE::2024-10-07.15:53:34::SCWPlatform::Opened existing hwdb micro_blaze_AMBA_BUS_wrapper_5
TRACE::2024-10-07.15:53:34::SCWPlatform::Found the Hw Db part of the input DSA
TRACE::2024-10-07.15:53:34::SCWMssOS::Checking the sw design at  C:/github/amba_bus/m_b_t_a/microblaze_0/standalone_domain/bsp/system.mss
TRACE::2024-10-07.15:53:34::SCWMssOS::DEBUG:  swdes dump  C:/github/amba_bus/m_b_t_a/microblaze_0/standalone_domain/bsp/system.mss|system||

TRACE::2024-10-07.15:53:34::SCWMssOS::Sw design exists and opened at  C:/github/amba_bus/m_b_t_a/microblaze_0/standalone_domain/bsp/system.mss
TRACE::2024-10-07.15:53:34::SCWReader::No isolation master present  
TRACE::2024-10-07.15:53:34::SCWPlatform::Trying to open the hw design at C:/github/amba_bus/m_b_t_a/hw/micro_blaze_AMBA_BUS_wrapper.xsa
TRACE::2024-10-07.15:53:34::SCWPlatform::DSA given C:/github/amba_bus/m_b_t_a/hw/micro_blaze_AMBA_BUS_wrapper.xsa
TRACE::2024-10-07.15:53:34::SCWPlatform::DSA absoulate path C:/github/amba_bus/m_b_t_a/hw/micro_blaze_AMBA_BUS_wrapper.xsa
TRACE::2024-10-07.15:53:34::SCWPlatform::DSA directory C:/github/amba_bus/m_b_t_a/hw
TRACE::2024-10-07.15:53:34::SCWPlatform:: Platform Path C:/github/amba_bus/m_b_t_a/hw/micro_blaze_AMBA_BUS_wrapper.xsa
TRACE::2024-10-07.15:53:34::SCWPlatform:: Unique name xilinx:basys3::0.0
TRACE::2024-10-07.15:53:34::SCWPlatform::Trying to set the existing hwdb with name micro_blaze_AMBA_BUS_wrapper_5
TRACE::2024-10-07.15:53:34::SCWPlatform::Opened existing hwdb micro_blaze_AMBA_BUS_wrapper_5
TRACE::2024-10-07.15:53:34::SCWPlatform::Found the Hw Db part of the input DSA
TRACE::2024-10-07.15:53:34::SCWMssOS::Checking the sw design at  C:/github/amba_bus/m_b_t_a/microblaze_0/standalone_domain/bsp/system.mss
TRACE::2024-10-07.15:53:34::SCWMssOS::DEBUG:  swdes dump  C:/github/amba_bus/m_b_t_a/microblaze_0/standalone_domain/bsp/system.mss|system||

TRACE::2024-10-07.15:53:34::SCWMssOS::Sw design exists and opened at  C:/github/amba_bus/m_b_t_a/microblaze_0/standalone_domain/bsp/system.mss
TRACE::2024-10-07.15:53:35::SCWMssOS::In reload Mss file.
TRACE::2024-10-07.15:53:35::SCWPlatform::Trying to open the hw design at C:/github/amba_bus/m_b_t_a/hw/micro_blaze_AMBA_BUS_wrapper.xsa
TRACE::2024-10-07.15:53:35::SCWPlatform::DSA given C:/github/amba_bus/m_b_t_a/hw/micro_blaze_AMBA_BUS_wrapper.xsa
TRACE::2024-10-07.15:53:35::SCWPlatform::DSA absoulate path C:/github/amba_bus/m_b_t_a/hw/micro_blaze_AMBA_BUS_wrapper.xsa
TRACE::2024-10-07.15:53:35::SCWPlatform::DSA directory C:/github/amba_bus/m_b_t_a/hw
TRACE::2024-10-07.15:53:35::SCWPlatform:: Platform Path C:/github/amba_bus/m_b_t_a/hw/micro_blaze_AMBA_BUS_wrapper.xsa
TRACE::2024-10-07.15:53:35::SCWPlatform:: Unique name xilinx:basys3::0.0
TRACE::2024-10-07.15:53:35::SCWPlatform::Trying to set the existing hwdb with name micro_blaze_AMBA_BUS_wrapper_5
TRACE::2024-10-07.15:53:35::SCWPlatform::Opened existing hwdb micro_blaze_AMBA_BUS_wrapper_5
TRACE::2024-10-07.15:53:35::SCWPlatform::Found the Hw Db part of the input DSA
TRACE::2024-10-07.15:53:35::SCWMssOS::Checking the sw design at  C:/github/amba_bus/m_b_t_a/microblaze_0/standalone_domain/bsp/system.mss
TRACE::2024-10-07.15:53:35::SCWMssOS::DEBUG:  swdes dump  C:/github/amba_bus/m_b_t_a/microblaze_0/standalone_domain/bsp/system.mss|system||

KEYINFO::2024-10-07.15:53:35::SCWMssOS::Could not open the swdb for system
KEYINFO::2024-10-07.15:53:35::SCWMssOS::Could not open the sw design at  system
ERROR: [Hsi 55-1558] Software Design system is not found

TRACE::2024-10-07.15:53:35::SCWMssOS::Cleared the swdb table entry
TRACE::2024-10-07.15:53:35::SCWMssOS::No sw design opened at  C:/github/amba_bus/m_b_t_a/microblaze_0/standalone_domain/bsp/system.mss
TRACE::2024-10-07.15:53:35::SCWMssOS::mss exists loading the mss file  C:/github/amba_bus/m_b_t_a/microblaze_0/standalone_domain/bsp/system.mss
TRACE::2024-10-07.15:53:35::SCWMssOS::Opened the sw design from mss  C:/github/amba_bus/m_b_t_a/microblaze_0/standalone_domain/bsp/system.mss
TRACE::2024-10-07.15:53:35::SCWMssOS::Adding the swdes entry C:/github/amba_bus/m_b_t_a/microblaze_0/standalone_domain/bsp/system.mss with des name system
TRACE::2024-10-07.15:53:35::SCWMssOS::updating the scw layer about changes
TRACE::2024-10-07.15:53:35::SCWMssOS::Opened the sw design.  C:/github/amba_bus/m_b_t_a/microblaze_0/standalone_domain/bsp/system.mss
TRACE::2024-10-07.15:53:35::SCWPlatform::Trying to open the hw design at C:/github/amba_bus/m_b_t_a/hw/micro_blaze_AMBA_BUS_wrapper.xsa
TRACE::2024-10-07.15:53:35::SCWPlatform::DSA given C:/github/amba_bus/m_b_t_a/hw/micro_blaze_AMBA_BUS_wrapper.xsa
TRACE::2024-10-07.15:53:35::SCWPlatform::DSA absoulate path C:/github/amba_bus/m_b_t_a/hw/micro_blaze_AMBA_BUS_wrapper.xsa
TRACE::2024-10-07.15:53:35::SCWPlatform::DSA directory C:/github/amba_bus/m_b_t_a/hw
TRACE::2024-10-07.15:53:35::SCWPlatform:: Platform Path C:/github/amba_bus/m_b_t_a/hw/micro_blaze_AMBA_BUS_wrapper.xsa
TRACE::2024-10-07.15:53:35::SCWPlatform:: Unique name xilinx:basys3::0.0
TRACE::2024-10-07.15:53:35::SCWPlatform::Trying to set the existing hwdb with name micro_blaze_AMBA_BUS_wrapper_5
TRACE::2024-10-07.15:53:35::SCWPlatform::Opened existing hwdb micro_blaze_AMBA_BUS_wrapper_5
TRACE::2024-10-07.15:53:35::SCWPlatform::Found the Hw Db part of the input DSA
TRACE::2024-10-07.15:53:35::SCWMssOS::Checking the sw design at  C:/github/amba_bus/m_b_t_a/microblaze_0/standalone_domain/bsp/system.mss
TRACE::2024-10-07.15:53:35::SCWMssOS::DEBUG:  swdes dump  C:/github/amba_bus/m_b_t_a/microblaze_0/standalone_domain/bsp/system.mss|system||

TRACE::2024-10-07.15:53:35::SCWMssOS::Sw design exists and opened at  C:/github/amba_bus/m_b_t_a/microblaze_0/standalone_domain/bsp/system.mss
TRACE::2024-10-07.15:53:35::SCWMssOS::Removing the swdes entry for  C:/github/amba_bus/m_b_t_a/microblaze_0/standalone_domain/bsp/system.mss
LOG::2024-10-07.15:53:41::SCWPlatform::Started generating the artifacts platform m_b_t_a
TRACE::2024-10-07.15:53:41::SCWPlatform::Sanity checking of platform is completed
LOG::2024-10-07.15:53:41::SCWPlatform::Started generating the artifacts for system configuration m_b_t_a
LOG::2024-10-07.15:53:41::SCWSystem::Checking the domain standalone_domain
LOG::2024-10-07.15:53:41::SCWSystem::Not a boot domain 
LOG::2024-10-07.15:53:41::SCWSystem::Started Processing the domain standalone_domain
TRACE::2024-10-07.15:53:41::SCWDomain::Generating domain artifcats
TRACE::2024-10-07.15:53:41::SCWMssOS::Generating standalone artifcats
TRACE::2024-10-07.15:53:41::SCWMssOS:: Copying the user libraries. 
TRACE::2024-10-07.15:53:41::SCWPlatform::Trying to open the hw design at C:/github/amba_bus/m_b_t_a/hw/micro_blaze_AMBA_BUS_wrapper.xsa
TRACE::2024-10-07.15:53:41::SCWPlatform::DSA given C:/github/amba_bus/m_b_t_a/hw/micro_blaze_AMBA_BUS_wrapper.xsa
TRACE::2024-10-07.15:53:41::SCWPlatform::DSA absoulate path C:/github/amba_bus/m_b_t_a/hw/micro_blaze_AMBA_BUS_wrapper.xsa
TRACE::2024-10-07.15:53:41::SCWPlatform::DSA directory C:/github/amba_bus/m_b_t_a/hw
TRACE::2024-10-07.15:53:41::SCWPlatform:: Platform Path C:/github/amba_bus/m_b_t_a/hw/micro_blaze_AMBA_BUS_wrapper.xsa
TRACE::2024-10-07.15:53:41::SCWPlatform:: Unique name xilinx:basys3::0.0
TRACE::2024-10-07.15:53:41::SCWPlatform::Trying to set the existing hwdb with name micro_blaze_AMBA_BUS_wrapper_5
TRACE::2024-10-07.15:53:41::SCWPlatform::Opened existing hwdb micro_blaze_AMBA_BUS_wrapper_5
TRACE::2024-10-07.15:53:41::SCWPlatform::Found the Hw Db part of the input DSA
TRACE::2024-10-07.15:53:41::SCWMssOS::Checking the sw design at  C:/github/amba_bus/m_b_t_a/microblaze_0/standalone_domain/bsp/system.mss
TRACE::2024-10-07.15:53:41::SCWMssOS::DEBUG:  swdes dump  
TRACE::2024-10-07.15:53:41::SCWMssOS::No sw design opened at  C:/github/amba_bus/m_b_t_a/microblaze_0/standalone_domain/bsp/system.mss
TRACE::2024-10-07.15:53:41::SCWMssOS::mss exists loading the mss file  C:/github/amba_bus/m_b_t_a/microblaze_0/standalone_domain/bsp/system.mss
TRACE::2024-10-07.15:53:41::SCWMssOS::Opened the sw design from mss  C:/github/amba_bus/m_b_t_a/microblaze_0/standalone_domain/bsp/system.mss
TRACE::2024-10-07.15:53:41::SCWMssOS::Adding the swdes entry C:/github/amba_bus/m_b_t_a/microblaze_0/standalone_domain/bsp/system.mss with des name system
TRACE::2024-10-07.15:53:41::SCWMssOS::updating the scw layer about changes
TRACE::2024-10-07.15:53:41::SCWMssOS::Opened the sw design.  C:/github/amba_bus/m_b_t_a/microblaze_0/standalone_domain/bsp/system.mss
TRACE::2024-10-07.15:53:41::SCWMssOS::Completed writing the mss file at C:/github/amba_bus/m_b_t_a/microblaze_0/standalone_domain/bsp
TRACE::2024-10-07.15:53:41::SCWMssOS::Mss edits present, copying mssfile into export location C:/github/amba_bus/m_b_t_a/microblaze_0/standalone_domain/bsp/system.mss
TRACE::2024-10-07.15:53:41::SCWMssOS::bsp generated is upto date with the mss file. Skipping bsp generation.
TRACE::2024-10-07.15:53:41::SCWMssOS::BSP is already built. skipping the bsp build ... 
TRACE::2024-10-07.15:53:41::SCWDomain::Building the domain as part of full build :  standalone_domain
TRACE::2024-10-07.15:53:41::SCWMssOS::doing bsp build ... 
TRACE::2024-10-07.15:53:41::SCWMssOS::System Command Ran  C: & cd  C:/github/amba_bus/m_b_t_a/microblaze_0/standalone_domain/bsp & make 
TRACE::2024-10-07.15:53:41::SCWMssOS::"Running Make include in microblaze_0/libsrc/bram_v4_3/src"

TRACE::2024-10-07.15:53:41::SCWMssOS::make -C microblaze_0/libsrc/bram_v4_3/src -s include  "SHELL=CMD" "COMPILER=mb-gcc" "ASSEMBLER=mb-as" "ARCHIVER=mb-ar" "COMPILE
TRACE::2024-10-07.15:53:41::SCWMssOS::R_FLAGS=  -O2 -c -mcpu=v11.0 -mlittle-endian -mno-xl-reorder -mno-xl-soft-mul -mxl-barrel-shift -mxl-pattern-compare" "EXTRA_CO
TRACE::2024-10-07.15:53:41::SCWMssOS::MPILER_FLAGS=-g -ffunction-sections -fdata-sections -Wall -Wextra"

TRACE::2024-10-07.15:53:41::SCWMssOS::"Running Make include in microblaze_0/libsrc/cpu_v2_10/src"

TRACE::2024-10-07.15:53:41::SCWMssOS::make -C microblaze_0/libsrc/cpu_v2_10/src -s include  "SHELL=CMD" "COMPILER=mb-gcc" "ASSEMBLER=mb-as" "ARCHIVER=mb-ar" "COMPILE
TRACE::2024-10-07.15:53:41::SCWMssOS::R_FLAGS=  -O2 -c -mcpu=v11.0 -mlittle-endian -mno-xl-reorder -mno-xl-soft-mul -mxl-barrel-shift -mxl-pattern-compare" "EXTRA_CO
TRACE::2024-10-07.15:53:41::SCWMssOS::MPILER_FLAGS=-g -ffunction-sections -fdata-sections -Wall -Wextra"

TRACE::2024-10-07.15:53:41::SCWMssOS::"Running Make include in microblaze_0/libsrc/myip_test_axi_1_v1_0/src"

TRACE::2024-10-07.15:53:41::SCWMssOS::make -C microblaze_0/libsrc/myip_test_axi_1_v1_0/src -s include  "SHELL=CMD" "COMPILER=mb-gcc" "ASSEMBLER=mb-as" "ARCHIVER=mb-a
TRACE::2024-10-07.15:53:41::SCWMssOS::r" "COMPILER_FLAGS=  -O2 -c -mcpu=v11.0 -mlittle-endian -mno-xl-reorder -mno-xl-soft-mul -mxl-barrel-shift -mxl-pattern-compare
TRACE::2024-10-07.15:53:41::SCWMssOS::" "EXTRA_COMPILER_FLAGS=-g -ffunction-sections -fdata-sections -Wall -Wextra"

TRACE::2024-10-07.15:53:41::SCWMssOS::"Running Make include in microblaze_0/libsrc/standalone_v7_1/src"

TRACE::2024-10-07.15:53:41::SCWMssOS::make -C microblaze_0/libsrc/standalone_v7_1/src -s include  "SHELL=CMD" "COMPILER=mb-gcc" "ASSEMBLER=mb-as" "ARCHIVER=mb-ar" "C
TRACE::2024-10-07.15:53:41::SCWMssOS::OMPILER_FLAGS=  -O2 -c -mcpu=v11.0 -mlittle-endian -mno-xl-reorder -mno-xl-soft-mul -mxl-barrel-shift -mxl-pattern-compare" "EX
TRACE::2024-10-07.15:53:41::SCWMssOS::TRA_COMPILER_FLAGS=-g -ffunction-sections -fdata-sections -Wall -Wextra"

TRACE::2024-10-07.15:53:41::SCWMssOS::"Running Make include in microblaze_0/libsrc/uartlite_v3_3/src"

TRACE::2024-10-07.15:53:41::SCWMssOS::make -C microblaze_0/libsrc/uartlite_v3_3/src -s include  "SHELL=CMD" "COMPILER=mb-gcc" "ASSEMBLER=mb-as" "ARCHIVER=mb-ar" "COM
TRACE::2024-10-07.15:53:41::SCWMssOS::PILER_FLAGS=  -O2 -c -mcpu=v11.0 -mlittle-endian -mno-xl-reorder -mno-xl-soft-mul -mxl-barrel-shift -mxl-pattern-compare" "EXTR
TRACE::2024-10-07.15:53:41::SCWMssOS::A_COMPILER_FLAGS=-g -ffunction-sections -fdata-sections -Wall -Wextra"

TRACE::2024-10-07.15:53:42::SCWMssOS::"Running Make libs in microblaze_0/libsrc/bram_v4_3/src"

TRACE::2024-10-07.15:53:42::SCWMssOS::make -C microblaze_0/libsrc/bram_v4_3/src -s libs  "SHELL=CMD" "COMPILER=mb-gcc" "ASSEMBLER=mb-as" "ARCHIVER=mb-ar" "COMPILER_F
TRACE::2024-10-07.15:53:42::SCWMssOS::LAGS=  -O2 -c -mcpu=v11.0 -mlittle-endian -mno-xl-reorder -mno-xl-soft-mul -mxl-barrel-shift -mxl-pattern-compare" "EXTRA_COMPI
TRACE::2024-10-07.15:53:42::SCWMssOS::LER_FLAGS=-g -ffunction-sections -fdata-sections -Wall -Wextra"

TRACE::2024-10-07.15:53:42::SCWMssOS::"Compiling bram"

TRACE::2024-10-07.15:53:42::SCWMssOS::"Running Make libs in microblaze_0/libsrc/cpu_v2_10/src"

TRACE::2024-10-07.15:53:42::SCWMssOS::make -C microblaze_0/libsrc/cpu_v2_10/src -s libs  "SHELL=CMD" "COMPILER=mb-gcc" "ASSEMBLER=mb-as" "ARCHIVER=mb-ar" "COMPILER_F
TRACE::2024-10-07.15:53:42::SCWMssOS::LAGS=  -O2 -c -mcpu=v11.0 -mlittle-endian -mno-xl-reorder -mno-xl-soft-mul -mxl-barrel-shift -mxl-pattern-compare" "EXTRA_COMPI
TRACE::2024-10-07.15:53:42::SCWMssOS::LER_FLAGS=-g -ffunction-sections -fdata-sections -Wall -Wextra"

TRACE::2024-10-07.15:53:42::SCWMssOS::"Compiling cpu"

TRACE::2024-10-07.15:53:43::SCWMssOS::"Running Make libs in microblaze_0/libsrc/myip_test_axi_1_v1_0/src"

TRACE::2024-10-07.15:53:43::SCWMssOS::make -C microblaze_0/libsrc/myip_test_axi_1_v1_0/src -s libs  "SHELL=CMD" "COMPILER=mb-gcc" "ASSEMBLER=mb-as" "ARCHIVER=mb-ar" 
TRACE::2024-10-07.15:53:43::SCWMssOS::"COMPILER_FLAGS=  -O2 -c -mcpu=v11.0 -mlittle-endian -mno-xl-reorder -mno-xl-soft-mul -mxl-barrel-shift -mxl-pattern-compare" "
TRACE::2024-10-07.15:53:43::SCWMssOS::EXTRA_COMPILER_FLAGS=-g -ffunction-sections -fdata-sections -Wall -Wextra"

TRACE::2024-10-07.15:53:43::SCWMssOS::"Compiling myip_test_axi_1..."

TRACE::2024-10-07.15:53:43::SCWMssOS::"Running Make libs in microblaze_0/libsrc/standalone_v7_1/src"

TRACE::2024-10-07.15:53:43::SCWMssOS::make -C microblaze_0/libsrc/standalone_v7_1/src -s libs  "SHELL=CMD" "COMPILER=mb-gcc" "ASSEMBLER=mb-as" "ARCHIVER=mb-ar" "COMP
TRACE::2024-10-07.15:53:43::SCWMssOS::ILER_FLAGS=  -O2 -c -mcpu=v11.0 -mlittle-endian -mno-xl-reorder -mno-xl-soft-mul -mxl-barrel-shift -mxl-pattern-compare" "EXTRA
TRACE::2024-10-07.15:53:43::SCWMssOS::_COMPILER_FLAGS=-g -ffunction-sections -fdata-sections -Wall -Wextra"

TRACE::2024-10-07.15:53:43::SCWMssOS::"Compiling standalone";

TRACE::2024-10-07.15:53:46::SCWMssOS::"Running Make libs in microblaze_0/libsrc/uartlite_v3_3/src"

TRACE::2024-10-07.15:53:46::SCWMssOS::make -C microblaze_0/libsrc/uartlite_v3_3/src -s libs  "SHELL=CMD" "COMPILER=mb-gcc" "ASSEMBLER=mb-as" "ARCHIVER=mb-ar" "COMPIL
TRACE::2024-10-07.15:53:46::SCWMssOS::ER_FLAGS=  -O2 -c -mcpu=v11.0 -mlittle-endian -mno-xl-reorder -mno-xl-soft-mul -mxl-barrel-shift -mxl-pattern-compare" "EXTRA_C
TRACE::2024-10-07.15:53:46::SCWMssOS::OMPILER_FLAGS=-g -ffunction-sections -fdata-sections -Wall -Wextra"

TRACE::2024-10-07.15:53:46::SCWMssOS::"Compiling uartlite"

TRACE::2024-10-07.15:53:46::SCWMssOS::'Finished building libraries'

TRACE::2024-10-07.15:53:46::SCWMssOS::Copying to export directory.
TRACE::2024-10-07.15:53:47::SCWMssOS:: Checking if to create the Supporting Applications
TRACE::2024-10-07.15:53:47::SCWMssOS:: No Linux domain exists, trying to generate FSBL 
LOG::2024-10-07.15:53:47::SCWSystem::Completed Processing the domain standalone_domain
LOG::2024-10-07.15:53:47::SCWSystem::Completed Processing the sysconfig m_b_t_a
LOG::2024-10-07.15:53:47::SCWPlatform::Completed generating the artifacts for system configuration m_b_t_a
TRACE::2024-10-07.15:53:47::SCWPlatform::Started preparing the platform 
TRACE::2024-10-07.15:53:47::SCWSystem::Writing the bif file for system config m_b_t_a
TRACE::2024-10-07.15:53:47::SCWSystem::dir created 
TRACE::2024-10-07.15:53:47::SCWSystem::Writing the bif 
TRACE::2024-10-07.15:53:47::SCWPlatform::Started writing the spfm file 
TRACE::2024-10-07.15:53:47::SCWPlatform::Started writing the xpfm file 
TRACE::2024-10-07.15:53:47::SCWPlatform::Completed generating the platform
TRACE::2024-10-07.15:53:47::SCWPlatform::Trying to open the hw design at C:/github/amba_bus/m_b_t_a/hw/micro_blaze_AMBA_BUS_wrapper.xsa
TRACE::2024-10-07.15:53:47::SCWPlatform::DSA given C:/github/amba_bus/m_b_t_a/hw/micro_blaze_AMBA_BUS_wrapper.xsa
TRACE::2024-10-07.15:53:47::SCWPlatform::DSA absoulate path C:/github/amba_bus/m_b_t_a/hw/micro_blaze_AMBA_BUS_wrapper.xsa
TRACE::2024-10-07.15:53:47::SCWPlatform::DSA directory C:/github/amba_bus/m_b_t_a/hw
TRACE::2024-10-07.15:53:47::SCWPlatform:: Platform Path C:/github/amba_bus/m_b_t_a/hw/micro_blaze_AMBA_BUS_wrapper.xsa
TRACE::2024-10-07.15:53:47::SCWPlatform:: Unique name xilinx:basys3::0.0
TRACE::2024-10-07.15:53:47::SCWPlatform::Trying to set the existing hwdb with name micro_blaze_AMBA_BUS_wrapper_5
TRACE::2024-10-07.15:53:47::SCWPlatform::Opened existing hwdb micro_blaze_AMBA_BUS_wrapper_5
TRACE::2024-10-07.15:53:47::SCWPlatform::Found the Hw Db part of the input DSA
TRACE::2024-10-07.15:53:47::SCWMssOS::Checking the sw design at  C:/github/amba_bus/m_b_t_a/microblaze_0/standalone_domain/bsp/system.mss
TRACE::2024-10-07.15:53:47::SCWMssOS::DEBUG:  swdes dump  C:/github/amba_bus/m_b_t_a/microblaze_0/standalone_domain/bsp/system.mss|system||

TRACE::2024-10-07.15:53:47::SCWMssOS::Sw design exists and opened at  C:/github/amba_bus/m_b_t_a/microblaze_0/standalone_domain/bsp/system.mss
TRACE::2024-10-07.15:53:47::SCWWriter::formatted JSON is {
	"platformName":	"m_b_t_a",
	"sprVersion":	"2.0",
	"mode":	"gui",
	"dsaType":	"Fixed",
	"platformDesc":	"m_b_t_a",
	"platHandOff":	"C:/github/amba_bus/soc_AMBA_BUS/micro_blaze_AMBA_BUS_wrapper.xsa",
	"platIntHandOff":	"<platformDir>/hw/micro_blaze_AMBA_BUS_wrapper.xsa",
	"deviceType":	"FPGA",
	"platIsPrebuiltAutogen":	"false",
	"platIsNoBootBsp":	"false",
	"hasFsblMakeHasChanges":	"false",
	"hasPmufwMakeHasChanges":	"false",
	"platPreBuiltFlag":	false,
	"platformSamplesDir":	"",
	"platActiveSys":	"m_b_t_a",
	"systems":	[{
			"systemName":	"m_b_t_a",
			"systemDesc":	"m_b_t_a",
			"sysIsBootAutoGen":	"true",
			"systemDispName":	"m_b_t_a",
			"sysActiveDom":	"standalone_domain",
			"sysDefaultDom":	"standalone_domain",
			"domains":	[{
					"domainName":	"standalone_domain",
					"domainDispName":	"standalone on microblaze_0",
					"domainDesc":	"standalone_domain",
					"processors":	"microblaze_0",
					"os":	"standalone",
					"sdxOs":	"standalone",
					"debugEnable":	"False",
					"domRuntimes":	["cpp"],
					"swRepo":	"",
					"mssOsVer":	"7.1",
					"mssFile":	"",
					"md5Digest":	"4c9a59e7193b92f9d28e791567d4d16a",
					"compatibleApp":	"",
					"domType":	"mssDomain",
					"appSettings":	{
						"appCompilerFlags":	"",
						"appLinkerFlags":	""
					},
					"addedLibs":	[],
					"libOptions":	{
						"libsContainingOptions":	[]
					},
					"prebuiltLibs":	{
						"prebuiltIncPath":	[],
						"prebuiltLibPath":	[]
					},
					"isolation":	{
					}
				}]
		}]
}
KEYINFO::2024-10-07.15:53:47::SCWPlatform::updated the xpfm file.
TRACE::2024-10-07.15:53:47::SCWPlatform::Trying to open the hw design at C:/github/amba_bus/m_b_t_a/hw/micro_blaze_AMBA_BUS_wrapper.xsa
TRACE::2024-10-07.15:53:47::SCWPlatform::DSA given C:/github/amba_bus/m_b_t_a/hw/micro_blaze_AMBA_BUS_wrapper.xsa
TRACE::2024-10-07.15:53:47::SCWPlatform::DSA absoulate path C:/github/amba_bus/m_b_t_a/hw/micro_blaze_AMBA_BUS_wrapper.xsa
TRACE::2024-10-07.15:53:47::SCWPlatform::DSA directory C:/github/amba_bus/m_b_t_a/hw
TRACE::2024-10-07.15:53:47::SCWPlatform:: Platform Path C:/github/amba_bus/m_b_t_a/hw/micro_blaze_AMBA_BUS_wrapper.xsa
TRACE::2024-10-07.15:53:47::SCWPlatform:: Unique name xilinx:basys3::0.0
TRACE::2024-10-07.15:53:47::SCWPlatform::Trying to set the existing hwdb with name micro_blaze_AMBA_BUS_wrapper_5
TRACE::2024-10-07.15:53:47::SCWPlatform::Opened existing hwdb micro_blaze_AMBA_BUS_wrapper_5
TRACE::2024-10-07.15:53:47::SCWPlatform::Found the Hw Db part of the input DSA
TRACE::2024-10-07.15:53:47::SCWMssOS::Checking the sw design at  C:/github/amba_bus/m_b_t_a/microblaze_0/standalone_domain/bsp/system.mss
TRACE::2024-10-07.15:53:47::SCWMssOS::DEBUG:  swdes dump  C:/github/amba_bus/m_b_t_a/microblaze_0/standalone_domain/bsp/system.mss|system||

TRACE::2024-10-07.15:53:47::SCWMssOS::Sw design exists and opened at  C:/github/amba_bus/m_b_t_a/microblaze_0/standalone_domain/bsp/system.mss
